#! c:/iverilog/bin/vvp
:ivl_version "0.10.0 (devel)" "(s20130827)";
:ivl_delay_selection "TYPICAL";
:vpi_time_precision + 0;
:vpi_module "system";
:vpi_module "vhdl_sys";
:vpi_module "v2005_math";
:vpi_module "va_math";
S_028B8368 .scope module, "testtb" "testtb" 2 1;
 .timescale 0 0;
v028B3150_0 .net "out", 3 0, L_028B49C8;  1 drivers
v028BE5A8_0 .var "x", 2 0;
S_028B4848 .scope module, "T" "test" 2 5, 3 1 0, S_028B8368;
 .timescale 0 0;
    .port_info 0 /INPUT 3 "x"
    .port_info 1 /OUTPUT 4 "out"
L_028B49C8 .functor BUFZ 4, L_028BE600, C4<0000>, C4<0000>, C4<0000>;
v028B4918_0 .net *"_s0", 3 0, L_028BE600;  1 drivers
v028B4970_0 .net *"_s2", 4 0, L_028BE658;  1 drivers
L_03080C00 .functor BUFT 1, C4<00>, C4<0>, C4<0>, C4<0>;
v028B2FF0_0 .net *"_s5", 1 0, L_03080C00;  1 drivers
v028B3048_0 .net "out", 3 0, L_028B49C8;  alias, 1 drivers
v028B30A0 .array "r", 0 7, 3 0;
v028B30F8_0 .net "x", 2 0, v028BE5A8_0;  1 drivers
L_028BE600 .array/port v028B30A0, L_028BE658;
L_028BE658 .concat [ 3 2 0 0], v028BE5A8_0, L_03080C00;
    .scope S_028B4848;
T_0 ;
    %ix/load 1, 0, 0;
    %ix/load 3, 0, 0;
    %set/av v028B30A0, 0, 4;
    %movi 8, 1, 4;
    %ix/load 1, 0, 0;
    %ix/load 3, 1, 0;
    %set/av v028B30A0, 8, 4;
    %movi 8, 2, 4;
    %ix/load 1, 0, 0;
    %ix/load 3, 2, 0;
    %set/av v028B30A0, 8, 4;
    %movi 8, 3, 4;
    %ix/load 1, 0, 0;
    %ix/load 3, 3, 0;
    %set/av v028B30A0, 8, 4;
    %movi 8, 4, 4;
    %ix/load 1, 0, 0;
    %ix/load 3, 4, 0;
    %set/av v028B30A0, 8, 4;
    %movi 8, 5, 4;
    %ix/load 1, 0, 0;
    %ix/load 3, 5, 0;
    %set/av v028B30A0, 8, 4;
    %movi 8, 6, 4;
    %ix/load 1, 0, 0;
    %ix/load 3, 6, 0;
    %set/av v028B30A0, 8, 4;
    %movi 8, 7, 4;
    %ix/load 1, 0, 0;
    %ix/load 3, 7, 0;
    %set/av v028B30A0, 8, 4;
    %end;
    .thread T_0;
    .scope S_028B8368;
T_1 ;
    %movi 8, 4, 3;
    %set/v v028BE5A8_0, 8, 3;
    %end;
    .thread T_1;
    .scope S_028B8368;
T_2 ;
    %vpi_call 2 13 "$monitor", "out - %b", v028B3150_0 {0 0};
    %end;
    .thread T_2;
# The file index is used to find the file name in the following table.
:file_names 4;
    "N/A";
    "<interactive>";
    "testtb.v";
    "test.v";
