#! c:/iverilog/bin/vvp
:ivl_version "0.10.0 (devel)" "(s20130827)";
:ivl_delay_selection "TYPICAL";
:vpi_time_precision + 0;
:vpi_module "system";
:vpi_module "vhdl_sys";
:vpi_module "v2005_math";
:vpi_module "va_math";
S_03152F78 .scope module, "AM_tb" "AM_tb" 2 1;
 .timescale 0 0;
v02948F98_0 .net "counter", 2 0, L_031448A8;  1 drivers
v031CC8D0_0 .net "word", 7 0, L_031441E8;  1 drivers
v031CC878_0 .var "x", 11 0;
v031CC0E8_0 .net "y", 0 0, v02948F40_0;  1 drivers
S_03153048 .scope module, "d1" "Cache" 2 7, 3 1 0, S_03152F78;
 .timescale 0 0;
    .port_info 0 /INPUT 12 "x"
    .port_info 1 /OUTPUT 1 "y"
    .port_info 2 /OUTPUT 8 "word"
    .port_info 3 /OUTPUT 3 "counter"
L_031441E8 .functor BUFZ 8, v029490F8_0, C4<00000000>, C4<00000000>, C4<00000000>;
L_031448A8 .functor BUFZ 3, v02949410_0, C4<000>, C4<000>, C4<000>;
v029491A8 .array "MM", 0 511, 63 0;
v02949360_0 .net *"_s6", 10 0, L_031CC140;  1 drivers
L_031CD070 .functor BUFT 1, C4<00>, C4<0>, C4<0>, C4<0>;
v029490A0_0 .net *"_s9", 1 0, L_031CD070;  1 drivers
v029493B8_0 .net "bo", 2 0, L_031CC770;  1 drivers
v02948CD8 .array "cache", 0 63, 63 0;
v02948DE0_0 .net "counter", 2 0, L_031448A8;  alias, 1 drivers
v02949200_0 .var "flag", 0 0;
v02948FF0_0 .var "index", 2 0;
v02949410_0 .var "pointer", 2 0;
v02949048_0 .net "t", 8 0, L_031CC248;  1 drivers
v02948E90 .array "tag", 0 63, 8 0;
v02948D88_0 .net "temp", 7 0, v029490F8_0;  1 drivers
v02948E38_0 .net "word", 7 0, L_031441E8;  alias, 1 drivers
v02948EE8_0 .net "x", 11 0, v031CC878_0;  1 drivers
v02948F40_0 .var "y", 0 0;
E_0319BF68 .event edge, v02948EE8_0;
L_031CC248 .part v031CC878_0, 3, 9;
L_031CC770 .part v031CC878_0, 0, 3;
L_031CC610 .array/port v029491A8, L_031CC140;
L_031CC140 .concat [ 9 2 0 0], L_031CC248, L_031CD070;
S_031528C8 .scope module, "S" "Select" 3 564, 4 1 0, S_03153048;
 .timescale 0 0;
    .port_info 0 /INPUT 64 "x"
    .port_info 1 /INPUT 3 "y"
    .port_info 2 /OUTPUT 8 "w"
v02949150 .array "Inter", 0 7;
v02949150_0 .net v02949150 0, 7 0, L_031CCAE0; 1 drivers
v02949150_1 .net v02949150 1, 7 0, L_031CC2A0; 1 drivers
v02949150_2 .net v02949150 2, 7 0, L_031CCA30; 1 drivers
v02949150_3 .net v02949150 3, 7 0, L_031CC7C8; 1 drivers
v02949150_4 .net v02949150 4, 7 0, L_031CC198; 1 drivers
v02949150_5 .net v02949150 5, 7 0, L_031CC820; 1 drivers
v02949150_6 .net v02949150 6, 7 0, L_031CC508; 1 drivers
v02949150_7 .net v02949150 7, 7 0, L_031CC928; 1 drivers
v029490F8_0 .var "w", 7 0;
v02948D30_0 .net "x", 63 0, L_031CC610;  1 drivers
v02949308_0 .net "y", 2 0, L_031CC770;  alias, 1 drivers
E_0319BDD8/0 .event edge, v02949308_0, v02949150_0, v02949150_1, v02949150_2;
E_0319BDD8/1 .event edge, v02949150_3, v02949150_4, v02949150_5, v02949150_6;
E_0319BDD8/2 .event edge, v02949150_7;
E_0319BDD8 .event/or E_0319BDD8/0, E_0319BDD8/1, E_0319BDD8/2;
L_031CCAE0 .part L_031CC610, 56, 8;
L_031CC2A0 .part L_031CC610, 48, 8;
L_031CCA30 .part L_031CC610, 40, 8;
L_031CC7C8 .part L_031CC610, 32, 8;
L_031CC198 .part L_031CC610, 24, 8;
L_031CC820 .part L_031CC610, 16, 8;
L_031CC508 .part L_031CC610, 8, 8;
L_031CC928 .part L_031CC610, 0, 8;
    .scope S_031528C8;
T_0 ;
    %wait E_0319BDD8;
    %load/v 16, v02949308_0, 3;
    %pad 19, 0, 2;
    %ix/get 3, 16, 5;
    %load/av 8, v02949150, 8;
    %ix/load 0, 8, 0;
    %assign/v0 v029490F8_0, 0, 8;
    %jmp T_0;
    .thread T_0, $push;
    .scope S_03153048;
T_1 ;
    %set/v v02949410_0, 0, 3;
    %set/v v02949200_0, 0, 1;
    %set/v v02948FF0_0, 0, 3;
    %ix/load 1, 0, 0;
    %ix/load 3, 0, 0;
    %set/av v02948CD8, 0, 64;
    %ix/load 1, 0, 0;
    %ix/load 3, 1, 0;
    %set/av v02948CD8, 0, 64;
    %ix/load 1, 0, 0;
    %ix/load 3, 2, 0;
    %set/av v02948CD8, 0, 64;
    %ix/load 1, 0, 0;
    %ix/load 3, 3, 0;
    %set/av v02948CD8, 0, 64;
    %ix/load 1, 0, 0;
    %ix/load 3, 4, 0;
    %set/av v02948CD8, 0, 64;
    %ix/load 1, 0, 0;
    %ix/load 3, 5, 0;
    %set/av v02948CD8, 0, 64;
    %ix/load 1, 0, 0;
    %ix/load 3, 6, 0;
    %set/av v02948CD8, 0, 64;
    %ix/load 1, 0, 0;
    %ix/load 3, 7, 0;
    %set/av v02948CD8, 0, 64;
    %ix/load 1, 0, 0;
    %ix/load 3, 0, 0;
    %set/av v02948E90, 0, 9;
    %ix/load 1, 0, 0;
    %ix/load 3, 1, 0;
    %set/av v02948E90, 0, 9;
    %ix/load 1, 0, 0;
    %ix/load 3, 2, 0;
    %set/av v02948E90, 0, 9;
    %ix/load 1, 0, 0;
    %ix/load 3, 3, 0;
    %set/av v02948E90, 0, 9;
    %movi 8, 16, 9;
    %ix/load 1, 0, 0;
    %ix/load 3, 4, 0;
    %set/av v02948E90, 8, 9;
    %ix/load 1, 0, 0;
    %ix/load 3, 5, 0;
    %set/av v02948E90, 0, 9;
    %ix/load 1, 0, 0;
    %ix/load 3, 6, 0;
    %set/av v02948E90, 0, 9;
    %ix/load 1, 0, 0;
    %ix/load 3, 7, 0;
    %set/av v02948E90, 0, 9;
    %ix/load 1, 0, 0;
    %ix/load 3, 0, 0;
    %set/av v029491A8, 1, 64;
    %movi 8, 4294967294, 32;
    %movi 40, 4294967295, 32;
    %ix/load 1, 0, 0;
    %ix/load 3, 1, 0;
    %set/av v029491A8, 8, 64;
    %movi 72, 4294967293, 32;
    %movi 104, 4294967295, 32;
    %ix/load 1, 0, 0;
    %ix/load 3, 2, 0;
    %set/av v029491A8, 72, 64;
    %movi 136, 4294967292, 32;
    %movi 168, 4294967295, 32;
    %ix/load 1, 0, 0;
    %ix/load 3, 3, 0;
    %set/av v029491A8, 136, 64;
    %movi 200, 4294967291, 32;
    %movi 232, 4294967295, 32;
    %ix/load 1, 0, 0;
    %ix/load 3, 4, 0;
    %set/av v029491A8, 200, 64;
    %movi 264, 4294967290, 32;
    %movi 296, 4294967295, 32;
    %ix/load 1, 0, 0;
    %ix/load 3, 5, 0;
    %set/av v029491A8, 264, 64;
    %movi 328, 4294967289, 32;
    %movi 360, 4294967295, 32;
    %ix/load 1, 0, 0;
    %ix/load 3, 6, 0;
    %set/av v029491A8, 328, 64;
    %movi 392, 4294967288, 32;
    %movi 424, 4294967295, 32;
    %ix/load 1, 0, 0;
    %ix/load 3, 7, 0;
    %set/av v029491A8, 392, 64;
    %movi 456, 4294967287, 32;
    %movi 488, 4294967295, 32;
    %ix/load 1, 0, 0;
    %ix/load 3, 8, 0;
    %set/av v029491A8, 456, 64;
    %movi 520, 4294967286, 32;
    %movi 552, 4294967295, 32;
    %ix/load 1, 0, 0;
    %ix/load 3, 9, 0;
    %set/av v029491A8, 520, 64;
    %movi 584, 4294967285, 32;
    %movi 616, 4294967295, 32;
    %ix/load 1, 0, 0;
    %ix/load 3, 10, 0;
    %set/av v029491A8, 584, 64;
    %movi 648, 4294967284, 32;
    %movi 680, 4294967295, 32;
    %ix/load 1, 0, 0;
    %ix/load 3, 11, 0;
    %set/av v029491A8, 648, 64;
    %movi 712, 4294967283, 32;
    %movi 744, 4294967295, 32;
    %ix/load 1, 0, 0;
    %ix/load 3, 12, 0;
    %set/av v029491A8, 712, 64;
    %movi 776, 4294967282, 32;
    %movi 808, 4294967295, 32;
    %ix/load 1, 0, 0;
    %ix/load 3, 13, 0;
    %set/av v029491A8, 776, 64;
    %movi 840, 4294967281, 32;
    %movi 872, 4294967295, 32;
    %ix/load 1, 0, 0;
    %ix/load 3, 14, 0;
    %set/av v029491A8, 840, 64;
    %movi 904, 4294967280, 32;
    %movi 936, 4294967295, 32;
    %ix/load 1, 0, 0;
    %ix/load 3, 15, 0;
    %set/av v029491A8, 904, 64;
    %movi 968, 4294967279, 32;
    %movi 1000, 4294967295, 32;
    %ix/load 1, 0, 0;
    %ix/load 3, 16, 0;
    %set/av v029491A8, 968, 64;
    %movi 1032, 4294967278, 32;
    %movi 1064, 4294967295, 32;
    %ix/load 1, 0, 0;
    %ix/load 3, 17, 0;
    %set/av v029491A8, 1032, 64;
    %movi 1096, 4294967277, 32;
    %movi 1128, 4294967295, 32;
    %ix/load 1, 0, 0;
    %ix/load 3, 18, 0;
    %set/av v029491A8, 1096, 64;
    %movi 1160, 4294967276, 32;
    %movi 1192, 4294967295, 32;
    %ix/load 1, 0, 0;
    %ix/load 3, 19, 0;
    %set/av v029491A8, 1160, 64;
    %movi 1224, 4294967275, 32;
    %movi 1256, 4294967295, 32;
    %ix/load 1, 0, 0;
    %ix/load 3, 20, 0;
    %set/av v029491A8, 1224, 64;
    %movi 1288, 4294967274, 32;
    %movi 1320, 4294967295, 32;
    %ix/load 1, 0, 0;
    %ix/load 3, 21, 0;
    %set/av v029491A8, 1288, 64;
    %movi 1352, 4294967273, 32;
    %movi 1384, 4294967295, 32;
    %ix/load 1, 0, 0;
    %ix/load 3, 22, 0;
    %set/av v029491A8, 1352, 64;
    %movi 1416, 4294967272, 32;
    %movi 1448, 4294967295, 32;
    %ix/load 1, 0, 0;
    %ix/load 3, 23, 0;
    %set/av v029491A8, 1416, 64;
    %movi 1480, 4294967271, 32;
    %movi 1512, 4294967295, 32;
    %ix/load 1, 0, 0;
    %ix/load 3, 24, 0;
    %set/av v029491A8, 1480, 64;
    %movi 1544, 4294967270, 32;
    %movi 1576, 4294967295, 32;
    %ix/load 1, 0, 0;
    %ix/load 3, 25, 0;
    %set/av v029491A8, 1544, 64;
    %movi 1608, 4294967269, 32;
    %movi 1640, 4294967295, 32;
    %ix/load 1, 0, 0;
    %ix/load 3, 26, 0;
    %set/av v029491A8, 1608, 64;
    %movi 1672, 4294967268, 32;
    %movi 1704, 4294967295, 32;
    %ix/load 1, 0, 0;
    %ix/load 3, 27, 0;
    %set/av v029491A8, 1672, 64;
    %movi 1736, 4294967267, 32;
    %movi 1768, 4294967295, 32;
    %ix/load 1, 0, 0;
    %ix/load 3, 28, 0;
    %set/av v029491A8, 1736, 64;
    %movi 1800, 4294967266, 32;
    %movi 1832, 4294967295, 32;
    %ix/load 1, 0, 0;
    %ix/load 3, 29, 0;
    %set/av v029491A8, 1800, 64;
    %movi 1864, 4294967265, 32;
    %movi 1896, 4294967295, 32;
    %ix/load 1, 0, 0;
    %ix/load 3, 30, 0;
    %set/av v029491A8, 1864, 64;
    %movi 1928, 4294967264, 32;
    %movi 1960, 4294967295, 32;
    %ix/load 1, 0, 0;
    %ix/load 3, 31, 0;
    %set/av v029491A8, 1928, 64;
    %movi 1992, 4294967263, 32;
    %movi 2024, 4294967295, 32;
    %ix/load 1, 0, 0;
    %ix/load 3, 32, 0;
    %set/av v029491A8, 1992, 64;
    %movi 2056, 4294967262, 32;
    %movi 2088, 4294967295, 32;
    %ix/load 1, 0, 0;
    %ix/load 3, 33, 0;
    %set/av v029491A8, 2056, 64;
    %movi 2120, 4294967261, 32;
    %movi 2152, 4294967295, 32;
    %ix/load 1, 0, 0;
    %ix/load 3, 34, 0;
    %set/av v029491A8, 2120, 64;
    %movi 2184, 4294967260, 32;
    %movi 2216, 4294967295, 32;
    %ix/load 1, 0, 0;
    %ix/load 3, 35, 0;
    %set/av v029491A8, 2184, 64;
    %movi 2248, 4294967259, 32;
    %movi 2280, 4294967295, 32;
    %ix/load 1, 0, 0;
    %ix/load 3, 36, 0;
    %set/av v029491A8, 2248, 64;
    %movi 2312, 4294967258, 32;
    %movi 2344, 4294967295, 32;
    %ix/load 1, 0, 0;
    %ix/load 3, 37, 0;
    %set/av v029491A8, 2312, 64;
    %movi 2376, 4294967257, 32;
    %movi 2408, 4294967295, 32;
    %ix/load 1, 0, 0;
    %ix/load 3, 38, 0;
    %set/av v029491A8, 2376, 64;
    %movi 2440, 4294967256, 32;
    %movi 2472, 4294967295, 32;
    %ix/load 1, 0, 0;
    %ix/load 3, 39, 0;
    %set/av v029491A8, 2440, 64;
    %movi 2504, 4294967255, 32;
    %movi 2536, 4294967295, 32;
    %ix/load 1, 0, 0;
    %ix/load 3, 40, 0;
    %set/av v029491A8, 2504, 64;
    %movi 2568, 4294967254, 32;
    %movi 2600, 4294967295, 32;
    %ix/load 1, 0, 0;
    %ix/load 3, 41, 0;
    %set/av v029491A8, 2568, 64;
    %movi 2632, 4294967253, 32;
    %movi 2664, 4294967295, 32;
    %ix/load 1, 0, 0;
    %ix/load 3, 42, 0;
    %set/av v029491A8, 2632, 64;
    %movi 2696, 4294967252, 32;
    %movi 2728, 4294967295, 32;
    %ix/load 1, 0, 0;
    %ix/load 3, 43, 0;
    %set/av v029491A8, 2696, 64;
    %movi 2760, 4294967251, 32;
    %movi 2792, 4294967295, 32;
    %ix/load 1, 0, 0;
    %ix/load 3, 44, 0;
    %set/av v029491A8, 2760, 64;
    %movi 2824, 4294967250, 32;
    %movi 2856, 4294967295, 32;
    %ix/load 1, 0, 0;
    %ix/load 3, 45, 0;
    %set/av v029491A8, 2824, 64;
    %movi 2888, 4294967249, 32;
    %movi 2920, 4294967295, 32;
    %ix/load 1, 0, 0;
    %ix/load 3, 46, 0;
    %set/av v029491A8, 2888, 64;
    %movi 2952, 4294967248, 32;
    %movi 2984, 4294967295, 32;
    %ix/load 1, 0, 0;
    %ix/load 3, 47, 0;
    %set/av v029491A8, 2952, 64;
    %movi 3016, 4294967247, 32;
    %movi 3048, 4294967295, 32;
    %ix/load 1, 0, 0;
    %ix/load 3, 48, 0;
    %set/av v029491A8, 3016, 64;
    %movi 3080, 4294967246, 32;
    %movi 3112, 4294967295, 32;
    %ix/load 1, 0, 0;
    %ix/load 3, 49, 0;
    %set/av v029491A8, 3080, 64;
    %movi 3144, 4294967245, 32;
    %movi 3176, 4294967295, 32;
    %ix/load 1, 0, 0;
    %ix/load 3, 50, 0;
    %set/av v029491A8, 3144, 64;
    %movi 3208, 4294967244, 32;
    %movi 3240, 4294967295, 32;
    %ix/load 1, 0, 0;
    %ix/load 3, 51, 0;
    %set/av v029491A8, 3208, 64;
    %movi 3272, 4294967243, 32;
    %movi 3304, 4294967295, 32;
    %ix/load 1, 0, 0;
    %ix/load 3, 52, 0;
    %set/av v029491A8, 3272, 64;
    %movi 3336, 4294967242, 32;
    %movi 3368, 4294967295, 32;
    %ix/load 1, 0, 0;
    %ix/load 3, 53, 0;
    %set/av v029491A8, 3336, 64;
    %movi 3400, 4294967241, 32;
    %movi 3432, 4294967295, 32;
    %ix/load 1, 0, 0;
    %ix/load 3, 54, 0;
    %set/av v029491A8, 3400, 64;
    %movi 3464, 4294967240, 32;
    %movi 3496, 4294967295, 32;
    %ix/load 1, 0, 0;
    %ix/load 3, 55, 0;
    %set/av v029491A8, 3464, 64;
    %movi 3528, 4294967239, 32;
    %movi 3560, 4294967295, 32;
    %ix/load 1, 0, 0;
    %ix/load 3, 56, 0;
    %set/av v029491A8, 3528, 64;
    %movi 3592, 4294967238, 32;
    %movi 3624, 4294967295, 32;
    %ix/load 1, 0, 0;
    %ix/load 3, 57, 0;
    %set/av v029491A8, 3592, 64;
    %movi 3656, 4294967237, 32;
    %movi 3688, 4294967295, 32;
    %ix/load 1, 0, 0;
    %ix/load 3, 58, 0;
    %set/av v029491A8, 3656, 64;
    %movi 3720, 4294967236, 32;
    %movi 3752, 4294967295, 32;
    %ix/load 1, 0, 0;
    %ix/load 3, 59, 0;
    %set/av v029491A8, 3720, 64;
    %movi 3784, 4294967235, 32;
    %movi 3816, 4294967295, 32;
    %ix/load 1, 0, 0;
    %ix/load 3, 60, 0;
    %set/av v029491A8, 3784, 64;
    %movi 3848, 4294967234, 32;
    %movi 3880, 4294967295, 32;
    %ix/load 1, 0, 0;
    %ix/load 3, 61, 0;
    %set/av v029491A8, 3848, 64;
    %movi 3912, 4294967233, 32;
    %movi 3944, 4294967295, 32;
    %ix/load 1, 0, 0;
    %ix/load 3, 62, 0;
    %set/av v029491A8, 3912, 64;
    %movi 3976, 4294967232, 32;
    %movi 4008, 4294967295, 32;
    %ix/load 1, 0, 0;
    %ix/load 3, 63, 0;
    %set/av v029491A8, 3976, 64;
    %movi 4040, 4294967231, 32;
    %movi 4072, 4294967295, 32;
    %ix/load 1, 0, 0;
    %ix/load 3, 64, 0;
    %set/av v029491A8, 4040, 64;
    %movi 4104, 4294967230, 32;
    %movi 4136, 4294967295, 32;
    %ix/load 1, 0, 0;
    %ix/load 3, 65, 0;
    %set/av v029491A8, 4104, 64;
    %movi 4168, 4294967229, 32;
    %movi 4200, 4294967295, 32;
    %ix/load 1, 0, 0;
    %ix/load 3, 66, 0;
    %set/av v029491A8, 4168, 64;
    %movi 4232, 4294967228, 32;
    %movi 4264, 4294967295, 32;
    %ix/load 1, 0, 0;
    %ix/load 3, 67, 0;
    %set/av v029491A8, 4232, 64;
    %movi 4296, 4294967227, 32;
    %movi 4328, 4294967295, 32;
    %ix/load 1, 0, 0;
    %ix/load 3, 68, 0;
    %set/av v029491A8, 4296, 64;
    %movi 4360, 4294967226, 32;
    %movi 4392, 4294967295, 32;
    %ix/load 1, 0, 0;
    %ix/load 3, 69, 0;
    %set/av v029491A8, 4360, 64;
    %movi 4424, 4294967225, 32;
    %movi 4456, 4294967295, 32;
    %ix/load 1, 0, 0;
    %ix/load 3, 70, 0;
    %set/av v029491A8, 4424, 64;
    %movi 4488, 4294967224, 32;
    %movi 4520, 4294967295, 32;
    %ix/load 1, 0, 0;
    %ix/load 3, 71, 0;
    %set/av v029491A8, 4488, 64;
    %movi 4552, 4294967223, 32;
    %movi 4584, 4294967295, 32;
    %ix/load 1, 0, 0;
    %ix/load 3, 72, 0;
    %set/av v029491A8, 4552, 64;
    %movi 4616, 4294967222, 32;
    %movi 4648, 4294967295, 32;
    %ix/load 1, 0, 0;
    %ix/load 3, 73, 0;
    %set/av v029491A8, 4616, 64;
    %movi 4680, 4294967221, 32;
    %movi 4712, 4294967295, 32;
    %ix/load 1, 0, 0;
    %ix/load 3, 74, 0;
    %set/av v029491A8, 4680, 64;
    %movi 4744, 4294967220, 32;
    %movi 4776, 4294967295, 32;
    %ix/load 1, 0, 0;
    %ix/load 3, 75, 0;
    %set/av v029491A8, 4744, 64;
    %movi 4808, 4294967219, 32;
    %movi 4840, 4294967295, 32;
    %ix/load 1, 0, 0;
    %ix/load 3, 76, 0;
    %set/av v029491A8, 4808, 64;
    %movi 4872, 4294967218, 32;
    %movi 4904, 4294967295, 32;
    %ix/load 1, 0, 0;
    %ix/load 3, 77, 0;
    %set/av v029491A8, 4872, 64;
    %movi 4936, 4294967217, 32;
    %movi 4968, 4294967295, 32;
    %ix/load 1, 0, 0;
    %ix/load 3, 78, 0;
    %set/av v029491A8, 4936, 64;
    %movi 5000, 4294967216, 32;
    %movi 5032, 4294967295, 32;
    %ix/load 1, 0, 0;
    %ix/load 3, 79, 0;
    %set/av v029491A8, 5000, 64;
    %movi 5064, 4294967215, 32;
    %movi 5096, 4294967295, 32;
    %ix/load 1, 0, 0;
    %ix/load 3, 80, 0;
    %set/av v029491A8, 5064, 64;
    %movi 5128, 4294967214, 32;
    %movi 5160, 4294967295, 32;
    %ix/load 1, 0, 0;
    %ix/load 3, 81, 0;
    %set/av v029491A8, 5128, 64;
    %movi 5192, 4294967213, 32;
    %movi 5224, 4294967295, 32;
    %ix/load 1, 0, 0;
    %ix/load 3, 82, 0;
    %set/av v029491A8, 5192, 64;
    %movi 5256, 4294967212, 32;
    %movi 5288, 4294967295, 32;
    %ix/load 1, 0, 0;
    %ix/load 3, 83, 0;
    %set/av v029491A8, 5256, 64;
    %movi 5320, 4294967211, 32;
    %movi 5352, 4294967295, 32;
    %ix/load 1, 0, 0;
    %ix/load 3, 84, 0;
    %set/av v029491A8, 5320, 64;
    %movi 5384, 4294967210, 32;
    %movi 5416, 4294967295, 32;
    %ix/load 1, 0, 0;
    %ix/load 3, 85, 0;
    %set/av v029491A8, 5384, 64;
    %movi 5448, 4294967209, 32;
    %movi 5480, 4294967295, 32;
    %ix/load 1, 0, 0;
    %ix/load 3, 86, 0;
    %set/av v029491A8, 5448, 64;
    %movi 5512, 4294967208, 32;
    %movi 5544, 4294967295, 32;
    %ix/load 1, 0, 0;
    %ix/load 3, 87, 0;
    %set/av v029491A8, 5512, 64;
    %movi 5576, 4294967207, 32;
    %movi 5608, 4294967295, 32;
    %ix/load 1, 0, 0;
    %ix/load 3, 88, 0;
    %set/av v029491A8, 5576, 64;
    %movi 5640, 4294967206, 32;
    %movi 5672, 4294967295, 32;
    %ix/load 1, 0, 0;
    %ix/load 3, 89, 0;
    %set/av v029491A8, 5640, 64;
    %movi 5704, 4294967205, 32;
    %movi 5736, 4294967295, 32;
    %ix/load 1, 0, 0;
    %ix/load 3, 90, 0;
    %set/av v029491A8, 5704, 64;
    %movi 5768, 4294967204, 32;
    %movi 5800, 4294967295, 32;
    %ix/load 1, 0, 0;
    %ix/load 3, 91, 0;
    %set/av v029491A8, 5768, 64;
    %movi 5832, 4294967203, 32;
    %movi 5864, 4294967295, 32;
    %ix/load 1, 0, 0;
    %ix/load 3, 92, 0;
    %set/av v029491A8, 5832, 64;
    %movi 5896, 4294967202, 32;
    %movi 5928, 4294967295, 32;
    %ix/load 1, 0, 0;
    %ix/load 3, 93, 0;
    %set/av v029491A8, 5896, 64;
    %movi 5960, 4294967201, 32;
    %movi 5992, 4294967295, 32;
    %ix/load 1, 0, 0;
    %ix/load 3, 94, 0;
    %set/av v029491A8, 5960, 64;
    %movi 6024, 4294967200, 32;
    %movi 6056, 4294967295, 32;
    %ix/load 1, 0, 0;
    %ix/load 3, 95, 0;
    %set/av v029491A8, 6024, 64;
    %movi 6088, 4294967199, 32;
    %movi 6120, 4294967295, 32;
    %ix/load 1, 0, 0;
    %ix/load 3, 96, 0;
    %set/av v029491A8, 6088, 64;
    %movi 6152, 4294967198, 32;
    %movi 6184, 4294967295, 32;
    %ix/load 1, 0, 0;
    %ix/load 3, 97, 0;
    %set/av v029491A8, 6152, 64;
    %movi 6216, 4294967197, 32;
    %movi 6248, 4294967295, 32;
    %ix/load 1, 0, 0;
    %ix/load 3, 98, 0;
    %set/av v029491A8, 6216, 64;
    %movi 6280, 4294967196, 32;
    %movi 6312, 4294967295, 32;
    %ix/load 1, 0, 0;
    %ix/load 3, 99, 0;
    %set/av v029491A8, 6280, 64;
    %movi 6344, 4294967195, 32;
    %movi 6376, 4294967295, 32;
    %ix/load 1, 0, 0;
    %ix/load 3, 100, 0;
    %set/av v029491A8, 6344, 64;
    %movi 6408, 4294967194, 32;
    %movi 6440, 4294967295, 32;
    %ix/load 1, 0, 0;
    %ix/load 3, 101, 0;
    %set/av v029491A8, 6408, 64;
    %movi 6472, 4294967193, 32;
    %movi 6504, 4294967295, 32;
    %ix/load 1, 0, 0;
    %ix/load 3, 102, 0;
    %set/av v029491A8, 6472, 64;
    %movi 6536, 4294967192, 32;
    %movi 6568, 4294967295, 32;
    %ix/load 1, 0, 0;
    %ix/load 3, 103, 0;
    %set/av v029491A8, 6536, 64;
    %movi 6600, 4294967191, 32;
    %movi 6632, 4294967295, 32;
    %ix/load 1, 0, 0;
    %ix/load 3, 104, 0;
    %set/av v029491A8, 6600, 64;
    %movi 6664, 4294967190, 32;
    %movi 6696, 4294967295, 32;
    %ix/load 1, 0, 0;
    %ix/load 3, 105, 0;
    %set/av v029491A8, 6664, 64;
    %movi 6728, 4294967189, 32;
    %movi 6760, 4294967295, 32;
    %ix/load 1, 0, 0;
    %ix/load 3, 106, 0;
    %set/av v029491A8, 6728, 64;
    %movi 6792, 4294967188, 32;
    %movi 6824, 4294967295, 32;
    %ix/load 1, 0, 0;
    %ix/load 3, 107, 0;
    %set/av v029491A8, 6792, 64;
    %movi 6856, 4294967187, 32;
    %movi 6888, 4294967295, 32;
    %ix/load 1, 0, 0;
    %ix/load 3, 108, 0;
    %set/av v029491A8, 6856, 64;
    %movi 6920, 4294967186, 32;
    %movi 6952, 4294967295, 32;
    %ix/load 1, 0, 0;
    %ix/load 3, 109, 0;
    %set/av v029491A8, 6920, 64;
    %movi 6984, 4294967185, 32;
    %movi 7016, 4294967295, 32;
    %ix/load 1, 0, 0;
    %ix/load 3, 110, 0;
    %set/av v029491A8, 6984, 64;
    %movi 7048, 4294967184, 32;
    %movi 7080, 4294967295, 32;
    %ix/load 1, 0, 0;
    %ix/load 3, 111, 0;
    %set/av v029491A8, 7048, 64;
    %movi 7112, 4294967183, 32;
    %movi 7144, 4294967295, 32;
    %ix/load 1, 0, 0;
    %ix/load 3, 112, 0;
    %set/av v029491A8, 7112, 64;
    %movi 7176, 4294967182, 32;
    %movi 7208, 4294967295, 32;
    %ix/load 1, 0, 0;
    %ix/load 3, 113, 0;
    %set/av v029491A8, 7176, 64;
    %movi 7240, 4294967181, 32;
    %movi 7272, 4294967295, 32;
    %ix/load 1, 0, 0;
    %ix/load 3, 114, 0;
    %set/av v029491A8, 7240, 64;
    %movi 7304, 4294967180, 32;
    %movi 7336, 4294967295, 32;
    %ix/load 1, 0, 0;
    %ix/load 3, 115, 0;
    %set/av v029491A8, 7304, 64;
    %movi 7368, 4294967179, 32;
    %movi 7400, 4294967295, 32;
    %ix/load 1, 0, 0;
    %ix/load 3, 116, 0;
    %set/av v029491A8, 7368, 64;
    %movi 7432, 4294967178, 32;
    %movi 7464, 4294967295, 32;
    %ix/load 1, 0, 0;
    %ix/load 3, 117, 0;
    %set/av v029491A8, 7432, 64;
    %movi 7496, 4294967177, 32;
    %movi 7528, 4294967295, 32;
    %ix/load 1, 0, 0;
    %ix/load 3, 118, 0;
    %set/av v029491A8, 7496, 64;
    %movi 7560, 4294967176, 32;
    %movi 7592, 4294967295, 32;
    %ix/load 1, 0, 0;
    %ix/load 3, 119, 0;
    %set/av v029491A8, 7560, 64;
    %movi 7624, 4294967175, 32;
    %movi 7656, 4294967295, 32;
    %ix/load 1, 0, 0;
    %ix/load 3, 120, 0;
    %set/av v029491A8, 7624, 64;
    %movi 7688, 4294967174, 32;
    %movi 7720, 4294967295, 32;
    %ix/load 1, 0, 0;
    %ix/load 3, 121, 0;
    %set/av v029491A8, 7688, 64;
    %movi 7752, 4294967173, 32;
    %movi 7784, 4294967295, 32;
    %ix/load 1, 0, 0;
    %ix/load 3, 122, 0;
    %set/av v029491A8, 7752, 64;
    %movi 7816, 4294967172, 32;
    %movi 7848, 4294967295, 32;
    %ix/load 1, 0, 0;
    %ix/load 3, 123, 0;
    %set/av v029491A8, 7816, 64;
    %movi 7880, 4294967171, 32;
    %movi 7912, 4294967295, 32;
    %ix/load 1, 0, 0;
    %ix/load 3, 124, 0;
    %set/av v029491A8, 7880, 64;
    %movi 7944, 4294967170, 32;
    %movi 7976, 4294967295, 32;
    %ix/load 1, 0, 0;
    %ix/load 3, 125, 0;
    %set/av v029491A8, 7944, 64;
    %movi 8008, 4294967169, 32;
    %movi 8040, 4294967295, 32;
    %ix/load 1, 0, 0;
    %ix/load 3, 126, 0;
    %set/av v029491A8, 8008, 64;
    %movi 8072, 4294967168, 32;
    %movi 8104, 4294967295, 32;
    %ix/load 1, 0, 0;
    %ix/load 3, 127, 0;
    %set/av v029491A8, 8072, 64;
    %movi 8136, 4294967167, 32;
    %movi 8168, 4294967295, 32;
    %ix/load 1, 0, 0;
    %ix/load 3, 128, 0;
    %set/av v029491A8, 8136, 64;
    %movi 8200, 4294967166, 32;
    %movi 8232, 4294967295, 32;
    %ix/load 1, 0, 0;
    %ix/load 3, 129, 0;
    %set/av v029491A8, 8200, 64;
    %movi 8264, 4294967165, 32;
    %movi 8296, 4294967295, 32;
    %ix/load 1, 0, 0;
    %ix/load 3, 130, 0;
    %set/av v029491A8, 8264, 64;
    %movi 8328, 4294967164, 32;
    %movi 8360, 4294967295, 32;
    %ix/load 1, 0, 0;
    %ix/load 3, 131, 0;
    %set/av v029491A8, 8328, 64;
    %movi 8392, 4294967163, 32;
    %movi 8424, 4294967295, 32;
    %ix/load 1, 0, 0;
    %ix/load 3, 132, 0;
    %set/av v029491A8, 8392, 64;
    %movi 8456, 4294967162, 32;
    %movi 8488, 4294967295, 32;
    %ix/load 1, 0, 0;
    %ix/load 3, 133, 0;
    %set/av v029491A8, 8456, 64;
    %movi 8520, 4294967161, 32;
    %movi 8552, 4294967295, 32;
    %ix/load 1, 0, 0;
    %ix/load 3, 134, 0;
    %set/av v029491A8, 8520, 64;
    %movi 8584, 4294967160, 32;
    %movi 8616, 4294967295, 32;
    %ix/load 1, 0, 0;
    %ix/load 3, 135, 0;
    %set/av v029491A8, 8584, 64;
    %movi 8648, 4294967159, 32;
    %movi 8680, 4294967295, 32;
    %ix/load 1, 0, 0;
    %ix/load 3, 136, 0;
    %set/av v029491A8, 8648, 64;
    %movi 8712, 4294967158, 32;
    %movi 8744, 4294967295, 32;
    %ix/load 1, 0, 0;
    %ix/load 3, 137, 0;
    %set/av v029491A8, 8712, 64;
    %movi 8776, 4294967157, 32;
    %movi 8808, 4294967295, 32;
    %ix/load 1, 0, 0;
    %ix/load 3, 138, 0;
    %set/av v029491A8, 8776, 64;
    %movi 8840, 4294967156, 32;
    %movi 8872, 4294967295, 32;
    %ix/load 1, 0, 0;
    %ix/load 3, 139, 0;
    %set/av v029491A8, 8840, 64;
    %movi 8904, 4294967155, 32;
    %movi 8936, 4294967295, 32;
    %ix/load 1, 0, 0;
    %ix/load 3, 140, 0;
    %set/av v029491A8, 8904, 64;
    %movi 8968, 4294967154, 32;
    %movi 9000, 4294967295, 32;
    %ix/load 1, 0, 0;
    %ix/load 3, 141, 0;
    %set/av v029491A8, 8968, 64;
    %movi 9032, 4294967153, 32;
    %movi 9064, 4294967295, 32;
    %ix/load 1, 0, 0;
    %ix/load 3, 142, 0;
    %set/av v029491A8, 9032, 64;
    %movi 9096, 4294967152, 32;
    %movi 9128, 4294967295, 32;
    %ix/load 1, 0, 0;
    %ix/load 3, 143, 0;
    %set/av v029491A8, 9096, 64;
    %movi 9160, 4294967151, 32;
    %movi 9192, 4294967295, 32;
    %ix/load 1, 0, 0;
    %ix/load 3, 144, 0;
    %set/av v029491A8, 9160, 64;
    %movi 9224, 4294967150, 32;
    %movi 9256, 4294967295, 32;
    %ix/load 1, 0, 0;
    %ix/load 3, 145, 0;
    %set/av v029491A8, 9224, 64;
    %movi 9288, 4294967149, 32;
    %movi 9320, 4294967295, 32;
    %ix/load 1, 0, 0;
    %ix/load 3, 146, 0;
    %set/av v029491A8, 9288, 64;
    %movi 9352, 4294967148, 32;
    %movi 9384, 4294967295, 32;
    %ix/load 1, 0, 0;
    %ix/load 3, 147, 0;
    %set/av v029491A8, 9352, 64;
    %movi 9416, 4294967147, 32;
    %movi 9448, 4294967295, 32;
    %ix/load 1, 0, 0;
    %ix/load 3, 148, 0;
    %set/av v029491A8, 9416, 64;
    %movi 9480, 4294967146, 32;
    %movi 9512, 4294967295, 32;
    %ix/load 1, 0, 0;
    %ix/load 3, 149, 0;
    %set/av v029491A8, 9480, 64;
    %movi 9544, 4294967145, 32;
    %movi 9576, 4294967295, 32;
    %ix/load 1, 0, 0;
    %ix/load 3, 150, 0;
    %set/av v029491A8, 9544, 64;
    %movi 9608, 4294967144, 32;
    %movi 9640, 4294967295, 32;
    %ix/load 1, 0, 0;
    %ix/load 3, 151, 0;
    %set/av v029491A8, 9608, 64;
    %movi 9672, 4294967143, 32;
    %movi 9704, 4294967295, 32;
    %ix/load 1, 0, 0;
    %ix/load 3, 152, 0;
    %set/av v029491A8, 9672, 64;
    %movi 9736, 4294967142, 32;
    %movi 9768, 4294967295, 32;
    %ix/load 1, 0, 0;
    %ix/load 3, 153, 0;
    %set/av v029491A8, 9736, 64;
    %movi 9800, 4294967141, 32;
    %movi 9832, 4294967295, 32;
    %ix/load 1, 0, 0;
    %ix/load 3, 154, 0;
    %set/av v029491A8, 9800, 64;
    %movi 9864, 4294967140, 32;
    %movi 9896, 4294967295, 32;
    %ix/load 1, 0, 0;
    %ix/load 3, 155, 0;
    %set/av v029491A8, 9864, 64;
    %movi 9928, 4294967139, 32;
    %movi 9960, 4294967295, 32;
    %ix/load 1, 0, 0;
    %ix/load 3, 156, 0;
    %set/av v029491A8, 9928, 64;
    %movi 9992, 4294967138, 32;
    %movi 10024, 4294967295, 32;
    %ix/load 1, 0, 0;
    %ix/load 3, 157, 0;
    %set/av v029491A8, 9992, 64;
    %movi 10056, 4294967137, 32;
    %movi 10088, 4294967295, 32;
    %ix/load 1, 0, 0;
    %ix/load 3, 158, 0;
    %set/av v029491A8, 10056, 64;
    %movi 10120, 4294967136, 32;
    %movi 10152, 4294967295, 32;
    %ix/load 1, 0, 0;
    %ix/load 3, 159, 0;
    %set/av v029491A8, 10120, 64;
    %movi 10184, 4294967135, 32;
    %movi 10216, 4294967295, 32;
    %ix/load 1, 0, 0;
    %ix/load 3, 160, 0;
    %set/av v029491A8, 10184, 64;
    %movi 10248, 4294967134, 32;
    %movi 10280, 4294967295, 32;
    %ix/load 1, 0, 0;
    %ix/load 3, 161, 0;
    %set/av v029491A8, 10248, 64;
    %movi 10312, 4294967133, 32;
    %movi 10344, 4294967295, 32;
    %ix/load 1, 0, 0;
    %ix/load 3, 162, 0;
    %set/av v029491A8, 10312, 64;
    %movi 10376, 4294967132, 32;
    %movi 10408, 4294967295, 32;
    %ix/load 1, 0, 0;
    %ix/load 3, 163, 0;
    %set/av v029491A8, 10376, 64;
    %movi 10440, 4294967131, 32;
    %movi 10472, 4294967295, 32;
    %ix/load 1, 0, 0;
    %ix/load 3, 164, 0;
    %set/av v029491A8, 10440, 64;
    %movi 10504, 4294967130, 32;
    %movi 10536, 4294967295, 32;
    %ix/load 1, 0, 0;
    %ix/load 3, 165, 0;
    %set/av v029491A8, 10504, 64;
    %movi 10568, 4294967129, 32;
    %movi 10600, 4294967295, 32;
    %ix/load 1, 0, 0;
    %ix/load 3, 166, 0;
    %set/av v029491A8, 10568, 64;
    %movi 10632, 4294967128, 32;
    %movi 10664, 4294967295, 32;
    %ix/load 1, 0, 0;
    %ix/load 3, 167, 0;
    %set/av v029491A8, 10632, 64;
    %movi 10696, 4294967127, 32;
    %movi 10728, 4294967295, 32;
    %ix/load 1, 0, 0;
    %ix/load 3, 168, 0;
    %set/av v029491A8, 10696, 64;
    %movi 10760, 4294967126, 32;
    %movi 10792, 4294967295, 32;
    %ix/load 1, 0, 0;
    %ix/load 3, 169, 0;
    %set/av v029491A8, 10760, 64;
    %movi 10824, 4294967125, 32;
    %movi 10856, 4294967295, 32;
    %ix/load 1, 0, 0;
    %ix/load 3, 170, 0;
    %set/av v029491A8, 10824, 64;
    %movi 10888, 4294967124, 32;
    %movi 10920, 4294967295, 32;
    %ix/load 1, 0, 0;
    %ix/load 3, 171, 0;
    %set/av v029491A8, 10888, 64;
    %movi 10952, 4294967123, 32;
    %movi 10984, 4294967295, 32;
    %ix/load 1, 0, 0;
    %ix/load 3, 172, 0;
    %set/av v029491A8, 10952, 64;
    %movi 11016, 4294967122, 32;
    %movi 11048, 4294967295, 32;
    %ix/load 1, 0, 0;
    %ix/load 3, 173, 0;
    %set/av v029491A8, 11016, 64;
    %movi 11080, 4294967121, 32;
    %movi 11112, 4294967295, 32;
    %ix/load 1, 0, 0;
    %ix/load 3, 174, 0;
    %set/av v029491A8, 11080, 64;
    %movi 11144, 4294967120, 32;
    %movi 11176, 4294967295, 32;
    %ix/load 1, 0, 0;
    %ix/load 3, 175, 0;
    %set/av v029491A8, 11144, 64;
    %movi 11208, 4294967119, 32;
    %movi 11240, 4294967295, 32;
    %ix/load 1, 0, 0;
    %ix/load 3, 176, 0;
    %set/av v029491A8, 11208, 64;
    %movi 11272, 4294967118, 32;
    %movi 11304, 4294967295, 32;
    %ix/load 1, 0, 0;
    %ix/load 3, 177, 0;
    %set/av v029491A8, 11272, 64;
    %movi 11336, 4294967117, 32;
    %movi 11368, 4294967295, 32;
    %ix/load 1, 0, 0;
    %ix/load 3, 178, 0;
    %set/av v029491A8, 11336, 64;
    %movi 11400, 4294967116, 32;
    %movi 11432, 4294967295, 32;
    %ix/load 1, 0, 0;
    %ix/load 3, 179, 0;
    %set/av v029491A8, 11400, 64;
    %movi 11464, 4294967115, 32;
    %movi 11496, 4294967295, 32;
    %ix/load 1, 0, 0;
    %ix/load 3, 180, 0;
    %set/av v029491A8, 11464, 64;
    %movi 11528, 4294967114, 32;
    %movi 11560, 4294967295, 32;
    %ix/load 1, 0, 0;
    %ix/load 3, 181, 0;
    %set/av v029491A8, 11528, 64;
    %movi 11592, 4294967113, 32;
    %movi 11624, 4294967295, 32;
    %ix/load 1, 0, 0;
    %ix/load 3, 182, 0;
    %set/av v029491A8, 11592, 64;
    %movi 11656, 4294967112, 32;
    %movi 11688, 4294967295, 32;
    %ix/load 1, 0, 0;
    %ix/load 3, 183, 0;
    %set/av v029491A8, 11656, 64;
    %movi 11720, 4294967111, 32;
    %movi 11752, 4294967295, 32;
    %ix/load 1, 0, 0;
    %ix/load 3, 184, 0;
    %set/av v029491A8, 11720, 64;
    %movi 11784, 4294967110, 32;
    %movi 11816, 4294967295, 32;
    %ix/load 1, 0, 0;
    %ix/load 3, 185, 0;
    %set/av v029491A8, 11784, 64;
    %movi 11848, 4294967109, 32;
    %movi 11880, 4294967295, 32;
    %ix/load 1, 0, 0;
    %ix/load 3, 186, 0;
    %set/av v029491A8, 11848, 64;
    %movi 11912, 4294967108, 32;
    %movi 11944, 4294967295, 32;
    %ix/load 1, 0, 0;
    %ix/load 3, 187, 0;
    %set/av v029491A8, 11912, 64;
    %movi 11976, 4294967107, 32;
    %movi 12008, 4294967295, 32;
    %ix/load 1, 0, 0;
    %ix/load 3, 188, 0;
    %set/av v029491A8, 11976, 64;
    %movi 12040, 4294967106, 32;
    %movi 12072, 4294967295, 32;
    %ix/load 1, 0, 0;
    %ix/load 3, 189, 0;
    %set/av v029491A8, 12040, 64;
    %movi 12104, 4294967105, 32;
    %movi 12136, 4294967295, 32;
    %ix/load 1, 0, 0;
    %ix/load 3, 190, 0;
    %set/av v029491A8, 12104, 64;
    %movi 12168, 4294967104, 32;
    %movi 12200, 4294967295, 32;
    %ix/load 1, 0, 0;
    %ix/load 3, 191, 0;
    %set/av v029491A8, 12168, 64;
    %movi 12232, 4294967103, 32;
    %movi 12264, 4294967295, 32;
    %ix/load 1, 0, 0;
    %ix/load 3, 192, 0;
    %set/av v029491A8, 12232, 64;
    %movi 12296, 4294967102, 32;
    %movi 12328, 4294967295, 32;
    %ix/load 1, 0, 0;
    %ix/load 3, 193, 0;
    %set/av v029491A8, 12296, 64;
    %movi 12360, 4294967101, 32;
    %movi 12392, 4294967295, 32;
    %ix/load 1, 0, 0;
    %ix/load 3, 194, 0;
    %set/av v029491A8, 12360, 64;
    %movi 12424, 4294967100, 32;
    %movi 12456, 4294967295, 32;
    %ix/load 1, 0, 0;
    %ix/load 3, 195, 0;
    %set/av v029491A8, 12424, 64;
    %movi 12488, 4294967099, 32;
    %movi 12520, 4294967295, 32;
    %ix/load 1, 0, 0;
    %ix/load 3, 196, 0;
    %set/av v029491A8, 12488, 64;
    %movi 12552, 4294967098, 32;
    %movi 12584, 4294967295, 32;
    %ix/load 1, 0, 0;
    %ix/load 3, 197, 0;
    %set/av v029491A8, 12552, 64;
    %movi 12616, 4294967097, 32;
    %movi 12648, 4294967295, 32;
    %ix/load 1, 0, 0;
    %ix/load 3, 198, 0;
    %set/av v029491A8, 12616, 64;
    %movi 12680, 4294967096, 32;
    %movi 12712, 4294967295, 32;
    %ix/load 1, 0, 0;
    %ix/load 3, 199, 0;
    %set/av v029491A8, 12680, 64;
    %movi 12744, 4294967095, 32;
    %movi 12776, 4294967295, 32;
    %ix/load 1, 0, 0;
    %ix/load 3, 200, 0;
    %set/av v029491A8, 12744, 64;
    %movi 12808, 4294967094, 32;
    %movi 12840, 4294967295, 32;
    %ix/load 1, 0, 0;
    %ix/load 3, 201, 0;
    %set/av v029491A8, 12808, 64;
    %movi 12872, 4294967093, 32;
    %movi 12904, 4294967295, 32;
    %ix/load 1, 0, 0;
    %ix/load 3, 202, 0;
    %set/av v029491A8, 12872, 64;
    %movi 12936, 4294967092, 32;
    %movi 12968, 4294967295, 32;
    %ix/load 1, 0, 0;
    %ix/load 3, 203, 0;
    %set/av v029491A8, 12936, 64;
    %movi 13000, 4294967091, 32;
    %movi 13032, 4294967295, 32;
    %ix/load 1, 0, 0;
    %ix/load 3, 204, 0;
    %set/av v029491A8, 13000, 64;
    %movi 13064, 4294967090, 32;
    %movi 13096, 4294967295, 32;
    %ix/load 1, 0, 0;
    %ix/load 3, 205, 0;
    %set/av v029491A8, 13064, 64;
    %movi 13128, 4294967089, 32;
    %movi 13160, 4294967295, 32;
    %ix/load 1, 0, 0;
    %ix/load 3, 206, 0;
    %set/av v029491A8, 13128, 64;
    %movi 13192, 4294967088, 32;
    %movi 13224, 4294967295, 32;
    %ix/load 1, 0, 0;
    %ix/load 3, 207, 0;
    %set/av v029491A8, 13192, 64;
    %movi 13256, 4294967087, 32;
    %movi 13288, 4294967295, 32;
    %ix/load 1, 0, 0;
    %ix/load 3, 208, 0;
    %set/av v029491A8, 13256, 64;
    %movi 13320, 4294967086, 32;
    %movi 13352, 4294967295, 32;
    %ix/load 1, 0, 0;
    %ix/load 3, 209, 0;
    %set/av v029491A8, 13320, 64;
    %movi 13384, 4294967085, 32;
    %movi 13416, 4294967295, 32;
    %ix/load 1, 0, 0;
    %ix/load 3, 210, 0;
    %set/av v029491A8, 13384, 64;
    %movi 13448, 4294967084, 32;
    %movi 13480, 4294967295, 32;
    %ix/load 1, 0, 0;
    %ix/load 3, 211, 0;
    %set/av v029491A8, 13448, 64;
    %movi 13512, 4294967083, 32;
    %movi 13544, 4294967295, 32;
    %ix/load 1, 0, 0;
    %ix/load 3, 212, 0;
    %set/av v029491A8, 13512, 64;
    %movi 13576, 4294967082, 32;
    %movi 13608, 4294967295, 32;
    %ix/load 1, 0, 0;
    %ix/load 3, 213, 0;
    %set/av v029491A8, 13576, 64;
    %movi 13640, 4294967081, 32;
    %movi 13672, 4294967295, 32;
    %ix/load 1, 0, 0;
    %ix/load 3, 214, 0;
    %set/av v029491A8, 13640, 64;
    %movi 13704, 4294967080, 32;
    %movi 13736, 4294967295, 32;
    %ix/load 1, 0, 0;
    %ix/load 3, 215, 0;
    %set/av v029491A8, 13704, 64;
    %movi 13768, 4294967079, 32;
    %movi 13800, 4294967295, 32;
    %ix/load 1, 0, 0;
    %ix/load 3, 216, 0;
    %set/av v029491A8, 13768, 64;
    %movi 13832, 4294967078, 32;
    %movi 13864, 4294967295, 32;
    %ix/load 1, 0, 0;
    %ix/load 3, 217, 0;
    %set/av v029491A8, 13832, 64;
    %movi 13896, 4294967077, 32;
    %movi 13928, 4294967295, 32;
    %ix/load 1, 0, 0;
    %ix/load 3, 218, 0;
    %set/av v029491A8, 13896, 64;
    %movi 13960, 4294967076, 32;
    %movi 13992, 4294967295, 32;
    %ix/load 1, 0, 0;
    %ix/load 3, 219, 0;
    %set/av v029491A8, 13960, 64;
    %movi 14024, 4294967075, 32;
    %movi 14056, 4294967295, 32;
    %ix/load 1, 0, 0;
    %ix/load 3, 220, 0;
    %set/av v029491A8, 14024, 64;
    %movi 14088, 4294967074, 32;
    %movi 14120, 4294967295, 32;
    %ix/load 1, 0, 0;
    %ix/load 3, 221, 0;
    %set/av v029491A8, 14088, 64;
    %movi 14152, 4294967073, 32;
    %movi 14184, 4294967295, 32;
    %ix/load 1, 0, 0;
    %ix/load 3, 222, 0;
    %set/av v029491A8, 14152, 64;
    %movi 14216, 4294967072, 32;
    %movi 14248, 4294967295, 32;
    %ix/load 1, 0, 0;
    %ix/load 3, 223, 0;
    %set/av v029491A8, 14216, 64;
    %movi 14280, 4294967071, 32;
    %movi 14312, 4294967295, 32;
    %ix/load 1, 0, 0;
    %ix/load 3, 224, 0;
    %set/av v029491A8, 14280, 64;
    %movi 14344, 4294967070, 32;
    %movi 14376, 4294967295, 32;
    %ix/load 1, 0, 0;
    %ix/load 3, 225, 0;
    %set/av v029491A8, 14344, 64;
    %movi 14408, 4294967069, 32;
    %movi 14440, 4294967295, 32;
    %ix/load 1, 0, 0;
    %ix/load 3, 226, 0;
    %set/av v029491A8, 14408, 64;
    %movi 14472, 4294967068, 32;
    %movi 14504, 4294967295, 32;
    %ix/load 1, 0, 0;
    %ix/load 3, 227, 0;
    %set/av v029491A8, 14472, 64;
    %movi 14536, 4294967067, 32;
    %movi 14568, 4294967295, 32;
    %ix/load 1, 0, 0;
    %ix/load 3, 228, 0;
    %set/av v029491A8, 14536, 64;
    %movi 14600, 4294967066, 32;
    %movi 14632, 4294967295, 32;
    %ix/load 1, 0, 0;
    %ix/load 3, 229, 0;
    %set/av v029491A8, 14600, 64;
    %movi 14664, 4294967065, 32;
    %movi 14696, 4294967295, 32;
    %ix/load 1, 0, 0;
    %ix/load 3, 230, 0;
    %set/av v029491A8, 14664, 64;
    %movi 14728, 4294967064, 32;
    %movi 14760, 4294967295, 32;
    %ix/load 1, 0, 0;
    %ix/load 3, 231, 0;
    %set/av v029491A8, 14728, 64;
    %movi 14792, 4294967063, 32;
    %movi 14824, 4294967295, 32;
    %ix/load 1, 0, 0;
    %ix/load 3, 232, 0;
    %set/av v029491A8, 14792, 64;
    %movi 14856, 4294967062, 32;
    %movi 14888, 4294967295, 32;
    %ix/load 1, 0, 0;
    %ix/load 3, 233, 0;
    %set/av v029491A8, 14856, 64;
    %movi 14920, 4294967061, 32;
    %movi 14952, 4294967295, 32;
    %ix/load 1, 0, 0;
    %ix/load 3, 234, 0;
    %set/av v029491A8, 14920, 64;
    %movi 14984, 4294967060, 32;
    %movi 15016, 4294967295, 32;
    %ix/load 1, 0, 0;
    %ix/load 3, 235, 0;
    %set/av v029491A8, 14984, 64;
    %movi 15048, 4294967059, 32;
    %movi 15080, 4294967295, 32;
    %ix/load 1, 0, 0;
    %ix/load 3, 236, 0;
    %set/av v029491A8, 15048, 64;
    %movi 15112, 4294967058, 32;
    %movi 15144, 4294967295, 32;
    %ix/load 1, 0, 0;
    %ix/load 3, 237, 0;
    %set/av v029491A8, 15112, 64;
    %movi 15176, 4294967057, 32;
    %movi 15208, 4294967295, 32;
    %ix/load 1, 0, 0;
    %ix/load 3, 238, 0;
    %set/av v029491A8, 15176, 64;
    %movi 15240, 4294967056, 32;
    %movi 15272, 4294967295, 32;
    %ix/load 1, 0, 0;
    %ix/load 3, 239, 0;
    %set/av v029491A8, 15240, 64;
    %movi 15304, 4294967055, 32;
    %movi 15336, 4294967295, 32;
    %ix/load 1, 0, 0;
    %ix/load 3, 240, 0;
    %set/av v029491A8, 15304, 64;
    %movi 15368, 4294967054, 32;
    %movi 15400, 4294967295, 32;
    %ix/load 1, 0, 0;
    %ix/load 3, 241, 0;
    %set/av v029491A8, 15368, 64;
    %movi 15432, 4294967053, 32;
    %movi 15464, 4294967295, 32;
    %ix/load 1, 0, 0;
    %ix/load 3, 242, 0;
    %set/av v029491A8, 15432, 64;
    %movi 15496, 4294967052, 32;
    %movi 15528, 4294967295, 32;
    %ix/load 1, 0, 0;
    %ix/load 3, 243, 0;
    %set/av v029491A8, 15496, 64;
    %movi 15560, 4294967051, 32;
    %movi 15592, 4294967295, 32;
    %ix/load 1, 0, 0;
    %ix/load 3, 244, 0;
    %set/av v029491A8, 15560, 64;
    %movi 15624, 4294967050, 32;
    %movi 15656, 4294967295, 32;
    %ix/load 1, 0, 0;
    %ix/load 3, 245, 0;
    %set/av v029491A8, 15624, 64;
    %movi 15688, 4294967049, 32;
    %movi 15720, 4294967295, 32;
    %ix/load 1, 0, 0;
    %ix/load 3, 246, 0;
    %set/av v029491A8, 15688, 64;
    %movi 15752, 4294967048, 32;
    %movi 15784, 4294967295, 32;
    %ix/load 1, 0, 0;
    %ix/load 3, 247, 0;
    %set/av v029491A8, 15752, 64;
    %movi 15816, 4294967047, 32;
    %movi 15848, 4294967295, 32;
    %ix/load 1, 0, 0;
    %ix/load 3, 248, 0;
    %set/av v029491A8, 15816, 64;
    %movi 15880, 4294967046, 32;
    %movi 15912, 4294967295, 32;
    %ix/load 1, 0, 0;
    %ix/load 3, 249, 0;
    %set/av v029491A8, 15880, 64;
    %movi 15944, 4294967045, 32;
    %movi 15976, 4294967295, 32;
    %ix/load 1, 0, 0;
    %ix/load 3, 250, 0;
    %set/av v029491A8, 15944, 64;
    %movi 16008, 4294967044, 32;
    %movi 16040, 4294967295, 32;
    %ix/load 1, 0, 0;
    %ix/load 3, 251, 0;
    %set/av v029491A8, 16008, 64;
    %movi 16072, 4294967043, 32;
    %movi 16104, 4294967295, 32;
    %ix/load 1, 0, 0;
    %ix/load 3, 252, 0;
    %set/av v029491A8, 16072, 64;
    %movi 16136, 4294967042, 32;
    %movi 16168, 4294967295, 32;
    %ix/load 1, 0, 0;
    %ix/load 3, 253, 0;
    %set/av v029491A8, 16136, 64;
    %movi 16200, 4294967041, 32;
    %movi 16232, 4294967295, 32;
    %ix/load 1, 0, 0;
    %ix/load 3, 254, 0;
    %set/av v029491A8, 16200, 64;
    %movi 16264, 4294967040, 32;
    %movi 16296, 4294967295, 32;
    %ix/load 1, 0, 0;
    %ix/load 3, 255, 0;
    %set/av v029491A8, 16264, 64;
    %movi 16328, 4294967039, 32;
    %movi 16360, 4294967295, 32;
    %ix/load 1, 0, 0;
    %ix/load 3, 256, 0;
    %set/av v029491A8, 16328, 64;
    %movi 16392, 4294967038, 32;
    %movi 16424, 4294967295, 32;
    %ix/load 1, 0, 0;
    %ix/load 3, 257, 0;
    %set/av v029491A8, 16392, 64;
    %movi 16456, 4294967037, 32;
    %movi 16488, 4294967295, 32;
    %ix/load 1, 0, 0;
    %ix/load 3, 258, 0;
    %set/av v029491A8, 16456, 64;
    %movi 16520, 4294967036, 32;
    %movi 16552, 4294967295, 32;
    %ix/load 1, 0, 0;
    %ix/load 3, 259, 0;
    %set/av v029491A8, 16520, 64;
    %movi 16584, 4294967035, 32;
    %movi 16616, 4294967295, 32;
    %ix/load 1, 0, 0;
    %ix/load 3, 260, 0;
    %set/av v029491A8, 16584, 64;
    %movi 16648, 4294967034, 32;
    %movi 16680, 4294967295, 32;
    %ix/load 1, 0, 0;
    %ix/load 3, 261, 0;
    %set/av v029491A8, 16648, 64;
    %movi 16712, 4294967033, 32;
    %movi 16744, 4294967295, 32;
    %ix/load 1, 0, 0;
    %ix/load 3, 262, 0;
    %set/av v029491A8, 16712, 64;
    %movi 16776, 4294967032, 32;
    %movi 16808, 4294967295, 32;
    %ix/load 1, 0, 0;
    %ix/load 3, 263, 0;
    %set/av v029491A8, 16776, 64;
    %movi 16840, 4294967031, 32;
    %movi 16872, 4294967295, 32;
    %ix/load 1, 0, 0;
    %ix/load 3, 264, 0;
    %set/av v029491A8, 16840, 64;
    %movi 16904, 4294967030, 32;
    %movi 16936, 4294967295, 32;
    %ix/load 1, 0, 0;
    %ix/load 3, 265, 0;
    %set/av v029491A8, 16904, 64;
    %movi 16968, 4294967029, 32;
    %movi 17000, 4294967295, 32;
    %ix/load 1, 0, 0;
    %ix/load 3, 266, 0;
    %set/av v029491A8, 16968, 64;
    %movi 17032, 4294967028, 32;
    %movi 17064, 4294967295, 32;
    %ix/load 1, 0, 0;
    %ix/load 3, 267, 0;
    %set/av v029491A8, 17032, 64;
    %movi 17096, 4294967027, 32;
    %movi 17128, 4294967295, 32;
    %ix/load 1, 0, 0;
    %ix/load 3, 268, 0;
    %set/av v029491A8, 17096, 64;
    %movi 17160, 4294967026, 32;
    %movi 17192, 4294967295, 32;
    %ix/load 1, 0, 0;
    %ix/load 3, 269, 0;
    %set/av v029491A8, 17160, 64;
    %movi 17224, 4294967025, 32;
    %movi 17256, 4294967295, 32;
    %ix/load 1, 0, 0;
    %ix/load 3, 270, 0;
    %set/av v029491A8, 17224, 64;
    %movi 17288, 4294967024, 32;
    %movi 17320, 4294967295, 32;
    %ix/load 1, 0, 0;
    %ix/load 3, 271, 0;
    %set/av v029491A8, 17288, 64;
    %movi 17352, 4294967023, 32;
    %movi 17384, 4294967295, 32;
    %ix/load 1, 0, 0;
    %ix/load 3, 272, 0;
    %set/av v029491A8, 17352, 64;
    %movi 17416, 4294967022, 32;
    %movi 17448, 4294967295, 32;
    %ix/load 1, 0, 0;
    %ix/load 3, 273, 0;
    %set/av v029491A8, 17416, 64;
    %movi 17480, 4294967021, 32;
    %movi 17512, 4294967295, 32;
    %ix/load 1, 0, 0;
    %ix/load 3, 274, 0;
    %set/av v029491A8, 17480, 64;
    %movi 17544, 4294967020, 32;
    %movi 17576, 4294967295, 32;
    %ix/load 1, 0, 0;
    %ix/load 3, 275, 0;
    %set/av v029491A8, 17544, 64;
    %movi 17608, 4294967019, 32;
    %movi 17640, 4294967295, 32;
    %ix/load 1, 0, 0;
    %ix/load 3, 276, 0;
    %set/av v029491A8, 17608, 64;
    %movi 17672, 4294967018, 32;
    %movi 17704, 4294967295, 32;
    %ix/load 1, 0, 0;
    %ix/load 3, 277, 0;
    %set/av v029491A8, 17672, 64;
    %movi 17736, 4294967017, 32;
    %movi 17768, 4294967295, 32;
    %ix/load 1, 0, 0;
    %ix/load 3, 278, 0;
    %set/av v029491A8, 17736, 64;
    %movi 17800, 4294967016, 32;
    %movi 17832, 4294967295, 32;
    %ix/load 1, 0, 0;
    %ix/load 3, 279, 0;
    %set/av v029491A8, 17800, 64;
    %movi 17864, 4294967015, 32;
    %movi 17896, 4294967295, 32;
    %ix/load 1, 0, 0;
    %ix/load 3, 280, 0;
    %set/av v029491A8, 17864, 64;
    %movi 17928, 4294967014, 32;
    %movi 17960, 4294967295, 32;
    %ix/load 1, 0, 0;
    %ix/load 3, 281, 0;
    %set/av v029491A8, 17928, 64;
    %movi 17992, 4294967013, 32;
    %movi 18024, 4294967295, 32;
    %ix/load 1, 0, 0;
    %ix/load 3, 282, 0;
    %set/av v029491A8, 17992, 64;
    %movi 18056, 4294967012, 32;
    %movi 18088, 4294967295, 32;
    %ix/load 1, 0, 0;
    %ix/load 3, 283, 0;
    %set/av v029491A8, 18056, 64;
    %movi 18120, 4294967011, 32;
    %movi 18152, 4294967295, 32;
    %ix/load 1, 0, 0;
    %ix/load 3, 284, 0;
    %set/av v029491A8, 18120, 64;
    %movi 18184, 4294967010, 32;
    %movi 18216, 4294967295, 32;
    %ix/load 1, 0, 0;
    %ix/load 3, 285, 0;
    %set/av v029491A8, 18184, 64;
    %movi 18248, 4294967009, 32;
    %movi 18280, 4294967295, 32;
    %ix/load 1, 0, 0;
    %ix/load 3, 286, 0;
    %set/av v029491A8, 18248, 64;
    %movi 18312, 4294967008, 32;
    %movi 18344, 4294967295, 32;
    %ix/load 1, 0, 0;
    %ix/load 3, 287, 0;
    %set/av v029491A8, 18312, 64;
    %movi 18376, 4294967007, 32;
    %movi 18408, 4294967295, 32;
    %ix/load 1, 0, 0;
    %ix/load 3, 288, 0;
    %set/av v029491A8, 18376, 64;
    %movi 18440, 4294967006, 32;
    %movi 18472, 4294967295, 32;
    %ix/load 1, 0, 0;
    %ix/load 3, 289, 0;
    %set/av v029491A8, 18440, 64;
    %movi 18504, 4294967005, 32;
    %movi 18536, 4294967295, 32;
    %ix/load 1, 0, 0;
    %ix/load 3, 290, 0;
    %set/av v029491A8, 18504, 64;
    %movi 18568, 4294967004, 32;
    %movi 18600, 4294967295, 32;
    %ix/load 1, 0, 0;
    %ix/load 3, 291, 0;
    %set/av v029491A8, 18568, 64;
    %movi 18632, 4294967003, 32;
    %movi 18664, 4294967295, 32;
    %ix/load 1, 0, 0;
    %ix/load 3, 292, 0;
    %set/av v029491A8, 18632, 64;
    %movi 18696, 4294967002, 32;
    %movi 18728, 4294967295, 32;
    %ix/load 1, 0, 0;
    %ix/load 3, 293, 0;
    %set/av v029491A8, 18696, 64;
    %movi 18760, 4294967001, 32;
    %movi 18792, 4294967295, 32;
    %ix/load 1, 0, 0;
    %ix/load 3, 294, 0;
    %set/av v029491A8, 18760, 64;
    %movi 18824, 4294967000, 32;
    %movi 18856, 4294967295, 32;
    %ix/load 1, 0, 0;
    %ix/load 3, 295, 0;
    %set/av v029491A8, 18824, 64;
    %movi 18888, 4294966999, 32;
    %movi 18920, 4294967295, 32;
    %ix/load 1, 0, 0;
    %ix/load 3, 296, 0;
    %set/av v029491A8, 18888, 64;
    %movi 18952, 4294966998, 32;
    %movi 18984, 4294967295, 32;
    %ix/load 1, 0, 0;
    %ix/load 3, 297, 0;
    %set/av v029491A8, 18952, 64;
    %movi 19016, 4294966997, 32;
    %movi 19048, 4294967295, 32;
    %ix/load 1, 0, 0;
    %ix/load 3, 298, 0;
    %set/av v029491A8, 19016, 64;
    %movi 19080, 4294966996, 32;
    %movi 19112, 4294967295, 32;
    %ix/load 1, 0, 0;
    %ix/load 3, 299, 0;
    %set/av v029491A8, 19080, 64;
    %movi 19144, 4294966995, 32;
    %movi 19176, 4294967295, 32;
    %ix/load 1, 0, 0;
    %ix/load 3, 300, 0;
    %set/av v029491A8, 19144, 64;
    %movi 19208, 4294966994, 32;
    %movi 19240, 4294967295, 32;
    %ix/load 1, 0, 0;
    %ix/load 3, 301, 0;
    %set/av v029491A8, 19208, 64;
    %movi 19272, 4294966993, 32;
    %movi 19304, 4294967295, 32;
    %ix/load 1, 0, 0;
    %ix/load 3, 302, 0;
    %set/av v029491A8, 19272, 64;
    %movi 19336, 4294966992, 32;
    %movi 19368, 4294967295, 32;
    %ix/load 1, 0, 0;
    %ix/load 3, 303, 0;
    %set/av v029491A8, 19336, 64;
    %movi 19400, 4294966991, 32;
    %movi 19432, 4294967295, 32;
    %ix/load 1, 0, 0;
    %ix/load 3, 304, 0;
    %set/av v029491A8, 19400, 64;
    %movi 19464, 4294966990, 32;
    %movi 19496, 4294967295, 32;
    %ix/load 1, 0, 0;
    %ix/load 3, 305, 0;
    %set/av v029491A8, 19464, 64;
    %movi 19528, 4294966989, 32;
    %movi 19560, 4294967295, 32;
    %ix/load 1, 0, 0;
    %ix/load 3, 306, 0;
    %set/av v029491A8, 19528, 64;
    %movi 19592, 4294966988, 32;
    %movi 19624, 4294967295, 32;
    %ix/load 1, 0, 0;
    %ix/load 3, 307, 0;
    %set/av v029491A8, 19592, 64;
    %movi 19656, 4294966987, 32;
    %movi 19688, 4294967295, 32;
    %ix/load 1, 0, 0;
    %ix/load 3, 308, 0;
    %set/av v029491A8, 19656, 64;
    %movi 19720, 4294966986, 32;
    %movi 19752, 4294967295, 32;
    %ix/load 1, 0, 0;
    %ix/load 3, 309, 0;
    %set/av v029491A8, 19720, 64;
    %movi 19784, 4294966985, 32;
    %movi 19816, 4294967295, 32;
    %ix/load 1, 0, 0;
    %ix/load 3, 310, 0;
    %set/av v029491A8, 19784, 64;
    %movi 19848, 4294966984, 32;
    %movi 19880, 4294967295, 32;
    %ix/load 1, 0, 0;
    %ix/load 3, 311, 0;
    %set/av v029491A8, 19848, 64;
    %movi 19912, 4294966983, 32;
    %movi 19944, 4294967295, 32;
    %ix/load 1, 0, 0;
    %ix/load 3, 312, 0;
    %set/av v029491A8, 19912, 64;
    %movi 19976, 4294966982, 32;
    %movi 20008, 4294967295, 32;
    %ix/load 1, 0, 0;
    %ix/load 3, 313, 0;
    %set/av v029491A8, 19976, 64;
    %movi 20040, 4294966981, 32;
    %movi 20072, 4294967295, 32;
    %ix/load 1, 0, 0;
    %ix/load 3, 314, 0;
    %set/av v029491A8, 20040, 64;
    %movi 20104, 4294966980, 32;
    %movi 20136, 4294967295, 32;
    %ix/load 1, 0, 0;
    %ix/load 3, 315, 0;
    %set/av v029491A8, 20104, 64;
    %movi 20168, 4294966979, 32;
    %movi 20200, 4294967295, 32;
    %ix/load 1, 0, 0;
    %ix/load 3, 316, 0;
    %set/av v029491A8, 20168, 64;
    %movi 20232, 4294966978, 32;
    %movi 20264, 4294967295, 32;
    %ix/load 1, 0, 0;
    %ix/load 3, 317, 0;
    %set/av v029491A8, 20232, 64;
    %movi 20296, 4294966977, 32;
    %movi 20328, 4294967295, 32;
    %ix/load 1, 0, 0;
    %ix/load 3, 318, 0;
    %set/av v029491A8, 20296, 64;
    %movi 20360, 4294966976, 32;
    %movi 20392, 4294967295, 32;
    %ix/load 1, 0, 0;
    %ix/load 3, 319, 0;
    %set/av v029491A8, 20360, 64;
    %movi 20424, 4294966975, 32;
    %movi 20456, 4294967295, 32;
    %ix/load 1, 0, 0;
    %ix/load 3, 320, 0;
    %set/av v029491A8, 20424, 64;
    %movi 20488, 4294966974, 32;
    %movi 20520, 4294967295, 32;
    %ix/load 1, 0, 0;
    %ix/load 3, 321, 0;
    %set/av v029491A8, 20488, 64;
    %movi 20552, 4294966973, 32;
    %movi 20584, 4294967295, 32;
    %ix/load 1, 0, 0;
    %ix/load 3, 322, 0;
    %set/av v029491A8, 20552, 64;
    %movi 20616, 4294966972, 32;
    %movi 20648, 4294967295, 32;
    %ix/load 1, 0, 0;
    %ix/load 3, 323, 0;
    %set/av v029491A8, 20616, 64;
    %movi 20680, 4294966971, 32;
    %movi 20712, 4294967295, 32;
    %ix/load 1, 0, 0;
    %ix/load 3, 324, 0;
    %set/av v029491A8, 20680, 64;
    %movi 20744, 4294966970, 32;
    %movi 20776, 4294967295, 32;
    %ix/load 1, 0, 0;
    %ix/load 3, 325, 0;
    %set/av v029491A8, 20744, 64;
    %movi 20808, 4294966969, 32;
    %movi 20840, 4294967295, 32;
    %ix/load 1, 0, 0;
    %ix/load 3, 326, 0;
    %set/av v029491A8, 20808, 64;
    %movi 20872, 4294966968, 32;
    %movi 20904, 4294967295, 32;
    %ix/load 1, 0, 0;
    %ix/load 3, 327, 0;
    %set/av v029491A8, 20872, 64;
    %movi 20936, 4294966967, 32;
    %movi 20968, 4294967295, 32;
    %ix/load 1, 0, 0;
    %ix/load 3, 328, 0;
    %set/av v029491A8, 20936, 64;
    %movi 21000, 4294966966, 32;
    %movi 21032, 4294967295, 32;
    %ix/load 1, 0, 0;
    %ix/load 3, 329, 0;
    %set/av v029491A8, 21000, 64;
    %movi 21064, 4294966965, 32;
    %movi 21096, 4294967295, 32;
    %ix/load 1, 0, 0;
    %ix/load 3, 330, 0;
    %set/av v029491A8, 21064, 64;
    %movi 21128, 4294966964, 32;
    %movi 21160, 4294967295, 32;
    %ix/load 1, 0, 0;
    %ix/load 3, 331, 0;
    %set/av v029491A8, 21128, 64;
    %movi 21192, 4294966963, 32;
    %movi 21224, 4294967295, 32;
    %ix/load 1, 0, 0;
    %ix/load 3, 332, 0;
    %set/av v029491A8, 21192, 64;
    %movi 21256, 4294966962, 32;
    %movi 21288, 4294967295, 32;
    %ix/load 1, 0, 0;
    %ix/load 3, 333, 0;
    %set/av v029491A8, 21256, 64;
    %movi 21320, 4294966961, 32;
    %movi 21352, 4294967295, 32;
    %ix/load 1, 0, 0;
    %ix/load 3, 334, 0;
    %set/av v029491A8, 21320, 64;
    %movi 21384, 4294966960, 32;
    %movi 21416, 4294967295, 32;
    %ix/load 1, 0, 0;
    %ix/load 3, 335, 0;
    %set/av v029491A8, 21384, 64;
    %movi 21448, 4294966959, 32;
    %movi 21480, 4294967295, 32;
    %ix/load 1, 0, 0;
    %ix/load 3, 336, 0;
    %set/av v029491A8, 21448, 64;
    %movi 21512, 4294966958, 32;
    %movi 21544, 4294967295, 32;
    %ix/load 1, 0, 0;
    %ix/load 3, 337, 0;
    %set/av v029491A8, 21512, 64;
    %movi 21576, 4294966957, 32;
    %movi 21608, 4294967295, 32;
    %ix/load 1, 0, 0;
    %ix/load 3, 338, 0;
    %set/av v029491A8, 21576, 64;
    %movi 21640, 4294966956, 32;
    %movi 21672, 4294967295, 32;
    %ix/load 1, 0, 0;
    %ix/load 3, 339, 0;
    %set/av v029491A8, 21640, 64;
    %movi 21704, 4294966955, 32;
    %movi 21736, 4294967295, 32;
    %ix/load 1, 0, 0;
    %ix/load 3, 340, 0;
    %set/av v029491A8, 21704, 64;
    %movi 21768, 4294966954, 32;
    %movi 21800, 4294967295, 32;
    %ix/load 1, 0, 0;
    %ix/load 3, 341, 0;
    %set/av v029491A8, 21768, 64;
    %movi 21832, 4294966953, 32;
    %movi 21864, 4294967295, 32;
    %ix/load 1, 0, 0;
    %ix/load 3, 342, 0;
    %set/av v029491A8, 21832, 64;
    %movi 21896, 4294966952, 32;
    %movi 21928, 4294967295, 32;
    %ix/load 1, 0, 0;
    %ix/load 3, 343, 0;
    %set/av v029491A8, 21896, 64;
    %movi 21960, 4294966951, 32;
    %movi 21992, 4294967295, 32;
    %ix/load 1, 0, 0;
    %ix/load 3, 344, 0;
    %set/av v029491A8, 21960, 64;
    %movi 22024, 4294966950, 32;
    %movi 22056, 4294967295, 32;
    %ix/load 1, 0, 0;
    %ix/load 3, 345, 0;
    %set/av v029491A8, 22024, 64;
    %movi 22088, 4294966949, 32;
    %movi 22120, 4294967295, 32;
    %ix/load 1, 0, 0;
    %ix/load 3, 346, 0;
    %set/av v029491A8, 22088, 64;
    %movi 22152, 4294966948, 32;
    %movi 22184, 4294967295, 32;
    %ix/load 1, 0, 0;
    %ix/load 3, 347, 0;
    %set/av v029491A8, 22152, 64;
    %movi 22216, 4294966947, 32;
    %movi 22248, 4294967295, 32;
    %ix/load 1, 0, 0;
    %ix/load 3, 348, 0;
    %set/av v029491A8, 22216, 64;
    %movi 22280, 4294966946, 32;
    %movi 22312, 4294967295, 32;
    %ix/load 1, 0, 0;
    %ix/load 3, 349, 0;
    %set/av v029491A8, 22280, 64;
    %movi 22344, 4294966945, 32;
    %movi 22376, 4294967295, 32;
    %ix/load 1, 0, 0;
    %ix/load 3, 350, 0;
    %set/av v029491A8, 22344, 64;
    %movi 22408, 4294966944, 32;
    %movi 22440, 4294967295, 32;
    %ix/load 1, 0, 0;
    %ix/load 3, 351, 0;
    %set/av v029491A8, 22408, 64;
    %movi 22472, 4294966943, 32;
    %movi 22504, 4294967295, 32;
    %ix/load 1, 0, 0;
    %ix/load 3, 352, 0;
    %set/av v029491A8, 22472, 64;
    %movi 22536, 4294966942, 32;
    %movi 22568, 4294967295, 32;
    %ix/load 1, 0, 0;
    %ix/load 3, 353, 0;
    %set/av v029491A8, 22536, 64;
    %movi 22600, 4294966941, 32;
    %movi 22632, 4294967295, 32;
    %ix/load 1, 0, 0;
    %ix/load 3, 354, 0;
    %set/av v029491A8, 22600, 64;
    %movi 22664, 4294966940, 32;
    %movi 22696, 4294967295, 32;
    %ix/load 1, 0, 0;
    %ix/load 3, 355, 0;
    %set/av v029491A8, 22664, 64;
    %movi 22728, 4294966939, 32;
    %movi 22760, 4294967295, 32;
    %ix/load 1, 0, 0;
    %ix/load 3, 356, 0;
    %set/av v029491A8, 22728, 64;
    %movi 22792, 4294966938, 32;
    %movi 22824, 4294967295, 32;
    %ix/load 1, 0, 0;
    %ix/load 3, 357, 0;
    %set/av v029491A8, 22792, 64;
    %movi 22856, 4294966937, 32;
    %movi 22888, 4294967295, 32;
    %ix/load 1, 0, 0;
    %ix/load 3, 358, 0;
    %set/av v029491A8, 22856, 64;
    %movi 22920, 4294966936, 32;
    %movi 22952, 4294967295, 32;
    %ix/load 1, 0, 0;
    %ix/load 3, 359, 0;
    %set/av v029491A8, 22920, 64;
    %movi 22984, 4294966935, 32;
    %movi 23016, 4294967295, 32;
    %ix/load 1, 0, 0;
    %ix/load 3, 360, 0;
    %set/av v029491A8, 22984, 64;
    %movi 23048, 4294966934, 32;
    %movi 23080, 4294967295, 32;
    %ix/load 1, 0, 0;
    %ix/load 3, 361, 0;
    %set/av v029491A8, 23048, 64;
    %movi 23112, 4294966933, 32;
    %movi 23144, 4294967295, 32;
    %ix/load 1, 0, 0;
    %ix/load 3, 362, 0;
    %set/av v029491A8, 23112, 64;
    %movi 23176, 4294966932, 32;
    %movi 23208, 4294967295, 32;
    %ix/load 1, 0, 0;
    %ix/load 3, 363, 0;
    %set/av v029491A8, 23176, 64;
    %movi 23240, 4294966931, 32;
    %movi 23272, 4294967295, 32;
    %ix/load 1, 0, 0;
    %ix/load 3, 364, 0;
    %set/av v029491A8, 23240, 64;
    %movi 23304, 4294966930, 32;
    %movi 23336, 4294967295, 32;
    %ix/load 1, 0, 0;
    %ix/load 3, 365, 0;
    %set/av v029491A8, 23304, 64;
    %movi 23368, 4294966929, 32;
    %movi 23400, 4294967295, 32;
    %ix/load 1, 0, 0;
    %ix/load 3, 366, 0;
    %set/av v029491A8, 23368, 64;
    %movi 23432, 4294966928, 32;
    %movi 23464, 4294967295, 32;
    %ix/load 1, 0, 0;
    %ix/load 3, 367, 0;
    %set/av v029491A8, 23432, 64;
    %movi 23496, 4294966927, 32;
    %movi 23528, 4294967295, 32;
    %ix/load 1, 0, 0;
    %ix/load 3, 368, 0;
    %set/av v029491A8, 23496, 64;
    %movi 23560, 4294966926, 32;
    %movi 23592, 4294967295, 32;
    %ix/load 1, 0, 0;
    %ix/load 3, 369, 0;
    %set/av v029491A8, 23560, 64;
    %movi 23624, 4294966925, 32;
    %movi 23656, 4294967295, 32;
    %ix/load 1, 0, 0;
    %ix/load 3, 370, 0;
    %set/av v029491A8, 23624, 64;
    %movi 23688, 4294966924, 32;
    %movi 23720, 4294967295, 32;
    %ix/load 1, 0, 0;
    %ix/load 3, 371, 0;
    %set/av v029491A8, 23688, 64;
    %movi 23752, 4294966923, 32;
    %movi 23784, 4294967295, 32;
    %ix/load 1, 0, 0;
    %ix/load 3, 372, 0;
    %set/av v029491A8, 23752, 64;
    %movi 23816, 4294966922, 32;
    %movi 23848, 4294967295, 32;
    %ix/load 1, 0, 0;
    %ix/load 3, 373, 0;
    %set/av v029491A8, 23816, 64;
    %movi 23880, 4294966921, 32;
    %movi 23912, 4294967295, 32;
    %ix/load 1, 0, 0;
    %ix/load 3, 374, 0;
    %set/av v029491A8, 23880, 64;
    %movi 23944, 4294966920, 32;
    %movi 23976, 4294967295, 32;
    %ix/load 1, 0, 0;
    %ix/load 3, 375, 0;
    %set/av v029491A8, 23944, 64;
    %movi 24008, 4294966919, 32;
    %movi 24040, 4294967295, 32;
    %ix/load 1, 0, 0;
    %ix/load 3, 376, 0;
    %set/av v029491A8, 24008, 64;
    %movi 24072, 4294966918, 32;
    %movi 24104, 4294967295, 32;
    %ix/load 1, 0, 0;
    %ix/load 3, 377, 0;
    %set/av v029491A8, 24072, 64;
    %movi 24136, 4294966917, 32;
    %movi 24168, 4294967295, 32;
    %ix/load 1, 0, 0;
    %ix/load 3, 378, 0;
    %set/av v029491A8, 24136, 64;
    %movi 24200, 4294966916, 32;
    %movi 24232, 4294967295, 32;
    %ix/load 1, 0, 0;
    %ix/load 3, 379, 0;
    %set/av v029491A8, 24200, 64;
    %movi 24264, 4294966915, 32;
    %movi 24296, 4294967295, 32;
    %ix/load 1, 0, 0;
    %ix/load 3, 380, 0;
    %set/av v029491A8, 24264, 64;
    %movi 24328, 4294966914, 32;
    %movi 24360, 4294967295, 32;
    %ix/load 1, 0, 0;
    %ix/load 3, 381, 0;
    %set/av v029491A8, 24328, 64;
    %movi 24392, 4294966913, 32;
    %movi 24424, 4294967295, 32;
    %ix/load 1, 0, 0;
    %ix/load 3, 382, 0;
    %set/av v029491A8, 24392, 64;
    %movi 24456, 4294966912, 32;
    %movi 24488, 4294967295, 32;
    %ix/load 1, 0, 0;
    %ix/load 3, 383, 0;
    %set/av v029491A8, 24456, 64;
    %movi 24520, 4294966911, 32;
    %movi 24552, 4294967295, 32;
    %ix/load 1, 0, 0;
    %ix/load 3, 384, 0;
    %set/av v029491A8, 24520, 64;
    %movi 24584, 4294966910, 32;
    %movi 24616, 4294967295, 32;
    %ix/load 1, 0, 0;
    %ix/load 3, 385, 0;
    %set/av v029491A8, 24584, 64;
    %movi 24648, 4294966909, 32;
    %movi 24680, 4294967295, 32;
    %ix/load 1, 0, 0;
    %ix/load 3, 386, 0;
    %set/av v029491A8, 24648, 64;
    %movi 24712, 4294966908, 32;
    %movi 24744, 4294967295, 32;
    %ix/load 1, 0, 0;
    %ix/load 3, 387, 0;
    %set/av v029491A8, 24712, 64;
    %movi 24776, 4294966907, 32;
    %movi 24808, 4294967295, 32;
    %ix/load 1, 0, 0;
    %ix/load 3, 388, 0;
    %set/av v029491A8, 24776, 64;
    %movi 24840, 4294966906, 32;
    %movi 24872, 4294967295, 32;
    %ix/load 1, 0, 0;
    %ix/load 3, 389, 0;
    %set/av v029491A8, 24840, 64;
    %movi 24904, 4294966905, 32;
    %movi 24936, 4294967295, 32;
    %ix/load 1, 0, 0;
    %ix/load 3, 390, 0;
    %set/av v029491A8, 24904, 64;
    %movi 24968, 4294966904, 32;
    %movi 25000, 4294967295, 32;
    %ix/load 1, 0, 0;
    %ix/load 3, 391, 0;
    %set/av v029491A8, 24968, 64;
    %movi 25032, 4294966903, 32;
    %movi 25064, 4294967295, 32;
    %ix/load 1, 0, 0;
    %ix/load 3, 392, 0;
    %set/av v029491A8, 25032, 64;
    %movi 25096, 4294966902, 32;
    %movi 25128, 4294967295, 32;
    %ix/load 1, 0, 0;
    %ix/load 3, 393, 0;
    %set/av v029491A8, 25096, 64;
    %movi 25160, 4294966901, 32;
    %movi 25192, 4294967295, 32;
    %ix/load 1, 0, 0;
    %ix/load 3, 394, 0;
    %set/av v029491A8, 25160, 64;
    %movi 25224, 4294966900, 32;
    %movi 25256, 4294967295, 32;
    %ix/load 1, 0, 0;
    %ix/load 3, 395, 0;
    %set/av v029491A8, 25224, 64;
    %movi 25288, 4294966899, 32;
    %movi 25320, 4294967295, 32;
    %ix/load 1, 0, 0;
    %ix/load 3, 396, 0;
    %set/av v029491A8, 25288, 64;
    %movi 25352, 4294966898, 32;
    %movi 25384, 4294967295, 32;
    %ix/load 1, 0, 0;
    %ix/load 3, 397, 0;
    %set/av v029491A8, 25352, 64;
    %movi 25416, 4294966897, 32;
    %movi 25448, 4294967295, 32;
    %ix/load 1, 0, 0;
    %ix/load 3, 398, 0;
    %set/av v029491A8, 25416, 64;
    %movi 25480, 4294966896, 32;
    %movi 25512, 4294967295, 32;
    %ix/load 1, 0, 0;
    %ix/load 3, 399, 0;
    %set/av v029491A8, 25480, 64;
    %movi 25544, 4294966895, 32;
    %movi 25576, 4294967295, 32;
    %ix/load 1, 0, 0;
    %ix/load 3, 400, 0;
    %set/av v029491A8, 25544, 64;
    %movi 25608, 4294966894, 32;
    %movi 25640, 4294967295, 32;
    %ix/load 1, 0, 0;
    %ix/load 3, 401, 0;
    %set/av v029491A8, 25608, 64;
    %movi 25672, 4294966893, 32;
    %movi 25704, 4294967295, 32;
    %ix/load 1, 0, 0;
    %ix/load 3, 402, 0;
    %set/av v029491A8, 25672, 64;
    %movi 25736, 4294966892, 32;
    %movi 25768, 4294967295, 32;
    %ix/load 1, 0, 0;
    %ix/load 3, 403, 0;
    %set/av v029491A8, 25736, 64;
    %movi 25800, 4294966891, 32;
    %movi 25832, 4294967295, 32;
    %ix/load 1, 0, 0;
    %ix/load 3, 404, 0;
    %set/av v029491A8, 25800, 64;
    %movi 25864, 4294966890, 32;
    %movi 25896, 4294967295, 32;
    %ix/load 1, 0, 0;
    %ix/load 3, 405, 0;
    %set/av v029491A8, 25864, 64;
    %movi 25928, 4294966889, 32;
    %movi 25960, 4294967295, 32;
    %ix/load 1, 0, 0;
    %ix/load 3, 406, 0;
    %set/av v029491A8, 25928, 64;
    %movi 25992, 4294966888, 32;
    %movi 26024, 4294967295, 32;
    %ix/load 1, 0, 0;
    %ix/load 3, 407, 0;
    %set/av v029491A8, 25992, 64;
    %movi 26056, 4294966887, 32;
    %movi 26088, 4294967295, 32;
    %ix/load 1, 0, 0;
    %ix/load 3, 408, 0;
    %set/av v029491A8, 26056, 64;
    %movi 26120, 4294966886, 32;
    %movi 26152, 4294967295, 32;
    %ix/load 1, 0, 0;
    %ix/load 3, 409, 0;
    %set/av v029491A8, 26120, 64;
    %movi 26184, 4294966885, 32;
    %movi 26216, 4294967295, 32;
    %ix/load 1, 0, 0;
    %ix/load 3, 410, 0;
    %set/av v029491A8, 26184, 64;
    %movi 26248, 4294966884, 32;
    %movi 26280, 4294967295, 32;
    %ix/load 1, 0, 0;
    %ix/load 3, 411, 0;
    %set/av v029491A8, 26248, 64;
    %movi 26312, 4294966883, 32;
    %movi 26344, 4294967295, 32;
    %ix/load 1, 0, 0;
    %ix/load 3, 412, 0;
    %set/av v029491A8, 26312, 64;
    %movi 26376, 4294966882, 32;
    %movi 26408, 4294967295, 32;
    %ix/load 1, 0, 0;
    %ix/load 3, 413, 0;
    %set/av v029491A8, 26376, 64;
    %movi 26440, 4294966881, 32;
    %movi 26472, 4294967295, 32;
    %ix/load 1, 0, 0;
    %ix/load 3, 414, 0;
    %set/av v029491A8, 26440, 64;
    %movi 26504, 4294966880, 32;
    %movi 26536, 4294967295, 32;
    %ix/load 1, 0, 0;
    %ix/load 3, 415, 0;
    %set/av v029491A8, 26504, 64;
    %movi 26568, 4294966879, 32;
    %movi 26600, 4294967295, 32;
    %ix/load 1, 0, 0;
    %ix/load 3, 416, 0;
    %set/av v029491A8, 26568, 64;
    %movi 26632, 4294966878, 32;
    %movi 26664, 4294967295, 32;
    %ix/load 1, 0, 0;
    %ix/load 3, 417, 0;
    %set/av v029491A8, 26632, 64;
    %movi 26696, 4294966877, 32;
    %movi 26728, 4294967295, 32;
    %ix/load 1, 0, 0;
    %ix/load 3, 418, 0;
    %set/av v029491A8, 26696, 64;
    %movi 26760, 4294966876, 32;
    %movi 26792, 4294967295, 32;
    %ix/load 1, 0, 0;
    %ix/load 3, 419, 0;
    %set/av v029491A8, 26760, 64;
    %movi 26824, 4294966875, 32;
    %movi 26856, 4294967295, 32;
    %ix/load 1, 0, 0;
    %ix/load 3, 420, 0;
    %set/av v029491A8, 26824, 64;
    %movi 26888, 4294966874, 32;
    %movi 26920, 4294967295, 32;
    %ix/load 1, 0, 0;
    %ix/load 3, 421, 0;
    %set/av v029491A8, 26888, 64;
    %movi 26952, 4294966873, 32;
    %movi 26984, 4294967295, 32;
    %ix/load 1, 0, 0;
    %ix/load 3, 422, 0;
    %set/av v029491A8, 26952, 64;
    %movi 27016, 4294966872, 32;
    %movi 27048, 4294967295, 32;
    %ix/load 1, 0, 0;
    %ix/load 3, 423, 0;
    %set/av v029491A8, 27016, 64;
    %movi 27080, 4294966871, 32;
    %movi 27112, 4294967295, 32;
    %ix/load 1, 0, 0;
    %ix/load 3, 424, 0;
    %set/av v029491A8, 27080, 64;
    %movi 27144, 4294966870, 32;
    %movi 27176, 4294967295, 32;
    %ix/load 1, 0, 0;
    %ix/load 3, 425, 0;
    %set/av v029491A8, 27144, 64;
    %movi 27208, 4294966869, 32;
    %movi 27240, 4294967295, 32;
    %ix/load 1, 0, 0;
    %ix/load 3, 426, 0;
    %set/av v029491A8, 27208, 64;
    %movi 27272, 4294966868, 32;
    %movi 27304, 4294967295, 32;
    %ix/load 1, 0, 0;
    %ix/load 3, 427, 0;
    %set/av v029491A8, 27272, 64;
    %movi 27336, 4294966867, 32;
    %movi 27368, 4294967295, 32;
    %ix/load 1, 0, 0;
    %ix/load 3, 428, 0;
    %set/av v029491A8, 27336, 64;
    %movi 27400, 4294966866, 32;
    %movi 27432, 4294967295, 32;
    %ix/load 1, 0, 0;
    %ix/load 3, 429, 0;
    %set/av v029491A8, 27400, 64;
    %movi 27464, 4294966865, 32;
    %movi 27496, 4294967295, 32;
    %ix/load 1, 0, 0;
    %ix/load 3, 430, 0;
    %set/av v029491A8, 27464, 64;
    %movi 27528, 4294966864, 32;
    %movi 27560, 4294967295, 32;
    %ix/load 1, 0, 0;
    %ix/load 3, 431, 0;
    %set/av v029491A8, 27528, 64;
    %movi 27592, 4294966863, 32;
    %movi 27624, 4294967295, 32;
    %ix/load 1, 0, 0;
    %ix/load 3, 432, 0;
    %set/av v029491A8, 27592, 64;
    %movi 27656, 4294966862, 32;
    %movi 27688, 4294967295, 32;
    %ix/load 1, 0, 0;
    %ix/load 3, 433, 0;
    %set/av v029491A8, 27656, 64;
    %movi 27720, 4294966861, 32;
    %movi 27752, 4294967295, 32;
    %ix/load 1, 0, 0;
    %ix/load 3, 434, 0;
    %set/av v029491A8, 27720, 64;
    %movi 27784, 4294966860, 32;
    %movi 27816, 4294967295, 32;
    %ix/load 1, 0, 0;
    %ix/load 3, 435, 0;
    %set/av v029491A8, 27784, 64;
    %movi 27848, 4294966859, 32;
    %movi 27880, 4294967295, 32;
    %ix/load 1, 0, 0;
    %ix/load 3, 436, 0;
    %set/av v029491A8, 27848, 64;
    %movi 27912, 4294966858, 32;
    %movi 27944, 4294967295, 32;
    %ix/load 1, 0, 0;
    %ix/load 3, 437, 0;
    %set/av v029491A8, 27912, 64;
    %movi 27976, 4294966857, 32;
    %movi 28008, 4294967295, 32;
    %ix/load 1, 0, 0;
    %ix/load 3, 438, 0;
    %set/av v029491A8, 27976, 64;
    %movi 28040, 4294966856, 32;
    %movi 28072, 4294967295, 32;
    %ix/load 1, 0, 0;
    %ix/load 3, 439, 0;
    %set/av v029491A8, 28040, 64;
    %movi 28104, 4294966855, 32;
    %movi 28136, 4294967295, 32;
    %ix/load 1, 0, 0;
    %ix/load 3, 440, 0;
    %set/av v029491A8, 28104, 64;
    %movi 28168, 4294966854, 32;
    %movi 28200, 4294967295, 32;
    %ix/load 1, 0, 0;
    %ix/load 3, 441, 0;
    %set/av v029491A8, 28168, 64;
    %movi 28232, 4294966853, 32;
    %movi 28264, 4294967295, 32;
    %ix/load 1, 0, 0;
    %ix/load 3, 442, 0;
    %set/av v029491A8, 28232, 64;
    %movi 28296, 4294966852, 32;
    %movi 28328, 4294967295, 32;
    %ix/load 1, 0, 0;
    %ix/load 3, 443, 0;
    %set/av v029491A8, 28296, 64;
    %movi 28360, 4294966851, 32;
    %movi 28392, 4294967295, 32;
    %ix/load 1, 0, 0;
    %ix/load 3, 444, 0;
    %set/av v029491A8, 28360, 64;
    %movi 28424, 4294966850, 32;
    %movi 28456, 4294967295, 32;
    %ix/load 1, 0, 0;
    %ix/load 3, 445, 0;
    %set/av v029491A8, 28424, 64;
    %movi 28488, 4294966849, 32;
    %movi 28520, 4294967295, 32;
    %ix/load 1, 0, 0;
    %ix/load 3, 446, 0;
    %set/av v029491A8, 28488, 64;
    %movi 28552, 4294966848, 32;
    %movi 28584, 4294967295, 32;
    %ix/load 1, 0, 0;
    %ix/load 3, 447, 0;
    %set/av v029491A8, 28552, 64;
    %movi 28616, 4294966847, 32;
    %movi 28648, 4294967295, 32;
    %ix/load 1, 0, 0;
    %ix/load 3, 448, 0;
    %set/av v029491A8, 28616, 64;
    %movi 28680, 4294966846, 32;
    %movi 28712, 4294967295, 32;
    %ix/load 1, 0, 0;
    %ix/load 3, 449, 0;
    %set/av v029491A8, 28680, 64;
    %movi 28744, 4294966845, 32;
    %movi 28776, 4294967295, 32;
    %ix/load 1, 0, 0;
    %ix/load 3, 450, 0;
    %set/av v029491A8, 28744, 64;
    %movi 28808, 4294966844, 32;
    %movi 28840, 4294967295, 32;
    %ix/load 1, 0, 0;
    %ix/load 3, 451, 0;
    %set/av v029491A8, 28808, 64;
    %movi 28872, 4294966843, 32;
    %movi 28904, 4294967295, 32;
    %ix/load 1, 0, 0;
    %ix/load 3, 452, 0;
    %set/av v029491A8, 28872, 64;
    %movi 28936, 4294966842, 32;
    %movi 28968, 4294967295, 32;
    %ix/load 1, 0, 0;
    %ix/load 3, 453, 0;
    %set/av v029491A8, 28936, 64;
    %movi 29000, 4294966841, 32;
    %movi 29032, 4294967295, 32;
    %ix/load 1, 0, 0;
    %ix/load 3, 454, 0;
    %set/av v029491A8, 29000, 64;
    %movi 29064, 4294966840, 32;
    %movi 29096, 4294967295, 32;
    %ix/load 1, 0, 0;
    %ix/load 3, 455, 0;
    %set/av v029491A8, 29064, 64;
    %movi 29128, 4294966839, 32;
    %movi 29160, 4294967295, 32;
    %ix/load 1, 0, 0;
    %ix/load 3, 456, 0;
    %set/av v029491A8, 29128, 64;
    %movi 29192, 4294966838, 32;
    %movi 29224, 4294967295, 32;
    %ix/load 1, 0, 0;
    %ix/load 3, 457, 0;
    %set/av v029491A8, 29192, 64;
    %movi 29256, 4294966837, 32;
    %movi 29288, 4294967295, 32;
    %ix/load 1, 0, 0;
    %ix/load 3, 458, 0;
    %set/av v029491A8, 29256, 64;
    %movi 29320, 4294966836, 32;
    %movi 29352, 4294967295, 32;
    %ix/load 1, 0, 0;
    %ix/load 3, 459, 0;
    %set/av v029491A8, 29320, 64;
    %movi 29384, 4294966835, 32;
    %movi 29416, 4294967295, 32;
    %ix/load 1, 0, 0;
    %ix/load 3, 460, 0;
    %set/av v029491A8, 29384, 64;
    %movi 29448, 4294966834, 32;
    %movi 29480, 4294967295, 32;
    %ix/load 1, 0, 0;
    %ix/load 3, 461, 0;
    %set/av v029491A8, 29448, 64;
    %movi 29512, 4294966833, 32;
    %movi 29544, 4294967295, 32;
    %ix/load 1, 0, 0;
    %ix/load 3, 462, 0;
    %set/av v029491A8, 29512, 64;
    %movi 29576, 4294966832, 32;
    %movi 29608, 4294967295, 32;
    %ix/load 1, 0, 0;
    %ix/load 3, 463, 0;
    %set/av v029491A8, 29576, 64;
    %movi 29640, 4294966831, 32;
    %movi 29672, 4294967295, 32;
    %ix/load 1, 0, 0;
    %ix/load 3, 464, 0;
    %set/av v029491A8, 29640, 64;
    %movi 29704, 4294966830, 32;
    %movi 29736, 4294967295, 32;
    %ix/load 1, 0, 0;
    %ix/load 3, 465, 0;
    %set/av v029491A8, 29704, 64;
    %movi 29768, 4294966829, 32;
    %movi 29800, 4294967295, 32;
    %ix/load 1, 0, 0;
    %ix/load 3, 466, 0;
    %set/av v029491A8, 29768, 64;
    %movi 29832, 4294966828, 32;
    %movi 29864, 4294967295, 32;
    %ix/load 1, 0, 0;
    %ix/load 3, 467, 0;
    %set/av v029491A8, 29832, 64;
    %movi 29896, 4294966827, 32;
    %movi 29928, 4294967295, 32;
    %ix/load 1, 0, 0;
    %ix/load 3, 468, 0;
    %set/av v029491A8, 29896, 64;
    %movi 29960, 4294966826, 32;
    %movi 29992, 4294967295, 32;
    %ix/load 1, 0, 0;
    %ix/load 3, 469, 0;
    %set/av v029491A8, 29960, 64;
    %movi 30024, 4294966825, 32;
    %movi 30056, 4294967295, 32;
    %ix/load 1, 0, 0;
    %ix/load 3, 470, 0;
    %set/av v029491A8, 30024, 64;
    %movi 30088, 4294966824, 32;
    %movi 30120, 4294967295, 32;
    %ix/load 1, 0, 0;
    %ix/load 3, 471, 0;
    %set/av v029491A8, 30088, 64;
    %movi 30152, 4294966823, 32;
    %movi 30184, 4294967295, 32;
    %ix/load 1, 0, 0;
    %ix/load 3, 472, 0;
    %set/av v029491A8, 30152, 64;
    %movi 30216, 4294966822, 32;
    %movi 30248, 4294967295, 32;
    %ix/load 1, 0, 0;
    %ix/load 3, 473, 0;
    %set/av v029491A8, 30216, 64;
    %movi 30280, 4294966821, 32;
    %movi 30312, 4294967295, 32;
    %ix/load 1, 0, 0;
    %ix/load 3, 474, 0;
    %set/av v029491A8, 30280, 64;
    %movi 30344, 4294966820, 32;
    %movi 30376, 4294967295, 32;
    %ix/load 1, 0, 0;
    %ix/load 3, 475, 0;
    %set/av v029491A8, 30344, 64;
    %movi 30408, 4294966819, 32;
    %movi 30440, 4294967295, 32;
    %ix/load 1, 0, 0;
    %ix/load 3, 476, 0;
    %set/av v029491A8, 30408, 64;
    %movi 30472, 4294966818, 32;
    %movi 30504, 4294967295, 32;
    %ix/load 1, 0, 0;
    %ix/load 3, 477, 0;
    %set/av v029491A8, 30472, 64;
    %movi 30536, 4294966817, 32;
    %movi 30568, 4294967295, 32;
    %ix/load 1, 0, 0;
    %ix/load 3, 478, 0;
    %set/av v029491A8, 30536, 64;
    %movi 30600, 4294966816, 32;
    %movi 30632, 4294967295, 32;
    %ix/load 1, 0, 0;
    %ix/load 3, 479, 0;
    %set/av v029491A8, 30600, 64;
    %movi 30664, 4294966815, 32;
    %movi 30696, 4294967295, 32;
    %ix/load 1, 0, 0;
    %ix/load 3, 480, 0;
    %set/av v029491A8, 30664, 64;
    %movi 30728, 4294966814, 32;
    %movi 30760, 4294967295, 32;
    %ix/load 1, 0, 0;
    %ix/load 3, 481, 0;
    %set/av v029491A8, 30728, 64;
    %movi 30792, 4294966813, 32;
    %movi 30824, 4294967295, 32;
    %ix/load 1, 0, 0;
    %ix/load 3, 482, 0;
    %set/av v029491A8, 30792, 64;
    %movi 30856, 4294966812, 32;
    %movi 30888, 4294967295, 32;
    %ix/load 1, 0, 0;
    %ix/load 3, 483, 0;
    %set/av v029491A8, 30856, 64;
    %movi 30920, 4294966811, 32;
    %movi 30952, 4294967295, 32;
    %ix/load 1, 0, 0;
    %ix/load 3, 484, 0;
    %set/av v029491A8, 30920, 64;
    %movi 30984, 4294966810, 32;
    %movi 31016, 4294967295, 32;
    %ix/load 1, 0, 0;
    %ix/load 3, 485, 0;
    %set/av v029491A8, 30984, 64;
    %movi 31048, 4294966809, 32;
    %movi 31080, 4294967295, 32;
    %ix/load 1, 0, 0;
    %ix/load 3, 486, 0;
    %set/av v029491A8, 31048, 64;
    %movi 31112, 4294966808, 32;
    %movi 31144, 4294967295, 32;
    %ix/load 1, 0, 0;
    %ix/load 3, 487, 0;
    %set/av v029491A8, 31112, 64;
    %movi 31176, 4294966807, 32;
    %movi 31208, 4294967295, 32;
    %ix/load 1, 0, 0;
    %ix/load 3, 488, 0;
    %set/av v029491A8, 31176, 64;
    %movi 31240, 4294966806, 32;
    %movi 31272, 4294967295, 32;
    %ix/load 1, 0, 0;
    %ix/load 3, 489, 0;
    %set/av v029491A8, 31240, 64;
    %movi 31304, 4294966805, 32;
    %movi 31336, 4294967295, 32;
    %ix/load 1, 0, 0;
    %ix/load 3, 490, 0;
    %set/av v029491A8, 31304, 64;
    %movi 31368, 4294966804, 32;
    %movi 31400, 4294967295, 32;
    %ix/load 1, 0, 0;
    %ix/load 3, 491, 0;
    %set/av v029491A8, 31368, 64;
    %movi 31432, 4294966803, 32;
    %movi 31464, 4294967295, 32;
    %ix/load 1, 0, 0;
    %ix/load 3, 492, 0;
    %set/av v029491A8, 31432, 64;
    %movi 31496, 4294966802, 32;
    %movi 31528, 4294967295, 32;
    %ix/load 1, 0, 0;
    %ix/load 3, 493, 0;
    %set/av v029491A8, 31496, 64;
    %movi 31560, 4294966801, 32;
    %movi 31592, 4294967295, 32;
    %ix/load 1, 0, 0;
    %ix/load 3, 494, 0;
    %set/av v029491A8, 31560, 64;
    %movi 31624, 4294966800, 32;
    %movi 31656, 4294967295, 32;
    %ix/load 1, 0, 0;
    %ix/load 3, 495, 0;
    %set/av v029491A8, 31624, 64;
    %movi 31688, 4294966799, 32;
    %movi 31720, 4294967295, 32;
    %ix/load 1, 0, 0;
    %ix/load 3, 496, 0;
    %set/av v029491A8, 31688, 64;
    %movi 31752, 4294966798, 32;
    %movi 31784, 4294967295, 32;
    %ix/load 1, 0, 0;
    %ix/load 3, 497, 0;
    %set/av v029491A8, 31752, 64;
    %movi 31816, 4294966797, 32;
    %movi 31848, 4294967295, 32;
    %ix/load 1, 0, 0;
    %ix/load 3, 498, 0;
    %set/av v029491A8, 31816, 64;
    %movi 31880, 4294966796, 32;
    %movi 31912, 4294967295, 32;
    %ix/load 1, 0, 0;
    %ix/load 3, 499, 0;
    %set/av v029491A8, 31880, 64;
    %movi 31944, 4294966795, 32;
    %movi 31976, 4294967295, 32;
    %ix/load 1, 0, 0;
    %ix/load 3, 500, 0;
    %set/av v029491A8, 31944, 64;
    %movi 32008, 4294966794, 32;
    %movi 32040, 4294967295, 32;
    %ix/load 1, 0, 0;
    %ix/load 3, 501, 0;
    %set/av v029491A8, 32008, 64;
    %movi 32072, 4294966793, 32;
    %movi 32104, 4294967295, 32;
    %ix/load 1, 0, 0;
    %ix/load 3, 502, 0;
    %set/av v029491A8, 32072, 64;
    %movi 32136, 4294966792, 32;
    %movi 32168, 4294967295, 32;
    %ix/load 1, 0, 0;
    %ix/load 3, 503, 0;
    %set/av v029491A8, 32136, 64;
    %movi 32200, 4294966791, 32;
    %movi 32232, 4294967295, 32;
    %ix/load 1, 0, 0;
    %ix/load 3, 504, 0;
    %set/av v029491A8, 32200, 64;
    %movi 32264, 4294966790, 32;
    %movi 32296, 4294967295, 32;
    %ix/load 1, 0, 0;
    %ix/load 3, 505, 0;
    %set/av v029491A8, 32264, 64;
    %movi 32328, 4294966789, 32;
    %movi 32360, 4294967295, 32;
    %ix/load 1, 0, 0;
    %ix/load 3, 506, 0;
    %set/av v029491A8, 32328, 64;
    %movi 32392, 4294966788, 32;
    %movi 32424, 4294967295, 32;
    %ix/load 1, 0, 0;
    %ix/load 3, 507, 0;
    %set/av v029491A8, 32392, 64;
    %movi 32456, 4294966787, 32;
    %movi 32488, 4294967295, 32;
    %ix/load 1, 0, 0;
    %ix/load 3, 508, 0;
    %set/av v029491A8, 32456, 64;
    %movi 32520, 4294966786, 32;
    %movi 32552, 4294967295, 32;
    %ix/load 1, 0, 0;
    %ix/load 3, 509, 0;
    %set/av v029491A8, 32520, 64;
    %movi 32584, 4294966785, 32;
    %movi 32616, 4294967295, 32;
    %ix/load 1, 0, 0;
    %ix/load 3, 510, 0;
    %set/av v029491A8, 32584, 64;
    %movi 32648, 4294966784, 32;
    %movi 32680, 2147483647, 32;
    %ix/load 1, 0, 0;
    %ix/load 3, 511, 0;
    %set/av v029491A8, 32648, 64;
    %end;
    .thread T_1;
    .scope S_03153048;
T_2 ;
    %wait E_0319BF68;
    %ix/load 3, 0, 0;
    %mov 4, 0, 1;
    %load/av 8, v02948E90, 9;
    %load/v 17, v02949048_0, 9;
    %cmp/u 8, 17, 9;
    %jmp/0xz  T_2.0, 4;
    %ix/load 0, 1, 0;
    %assign/v0 v02949200_0, 0, 1;
    %ix/load 0, 3, 0;
    %assign/v0 v02948FF0_0, 0, 0;
T_2.0 ;
    %ix/load 3, 1, 0;
    %mov 4, 0, 1;
    %load/av 8, v02948E90, 9;
    %load/v 17, v02949048_0, 9;
    %cmp/u 8, 17, 9;
    %jmp/0xz  T_2.2, 4;
    %ix/load 0, 1, 0;
    %assign/v0 v02949200_0, 0, 1;
    %movi 8, 1, 3;
    %ix/load 0, 3, 0;
    %assign/v0 v02948FF0_0, 0, 8;
T_2.2 ;
    %ix/load 3, 2, 0;
    %mov 4, 0, 1;
    %load/av 8, v02948E90, 9;
    %load/v 17, v02949048_0, 9;
    %cmp/u 8, 17, 9;
    %jmp/0xz  T_2.4, 4;
    %ix/load 0, 1, 0;
    %assign/v0 v02949200_0, 0, 1;
    %movi 8, 2, 3;
    %ix/load 0, 3, 0;
    %assign/v0 v02948FF0_0, 0, 8;
T_2.4 ;
    %ix/load 3, 3, 0;
    %mov 4, 0, 1;
    %load/av 8, v02948E90, 9;
    %load/v 17, v02949048_0, 9;
    %cmp/u 8, 17, 9;
    %jmp/0xz  T_2.6, 4;
    %ix/load 0, 1, 0;
    %assign/v0 v02949200_0, 0, 1;
    %movi 8, 3, 3;
    %ix/load 0, 3, 0;
    %assign/v0 v02948FF0_0, 0, 8;
T_2.6 ;
    %ix/load 3, 4, 0;
    %mov 4, 0, 1;
    %load/av 8, v02948E90, 9;
    %load/v 17, v02949048_0, 9;
    %cmp/u 8, 17, 9;
    %jmp/0xz  T_2.8, 4;
    %ix/load 0, 1, 0;
    %assign/v0 v02949200_0, 0, 1;
    %movi 8, 4, 3;
    %ix/load 0, 3, 0;
    %assign/v0 v02948FF0_0, 0, 8;
T_2.8 ;
    %ix/load 3, 5, 0;
    %mov 4, 0, 1;
    %load/av 8, v02948E90, 9;
    %load/v 17, v02949048_0, 9;
    %cmp/u 8, 17, 9;
    %jmp/0xz  T_2.10, 4;
    %ix/load 0, 1, 0;
    %assign/v0 v02949200_0, 0, 1;
    %movi 8, 5, 3;
    %ix/load 0, 3, 0;
    %assign/v0 v02948FF0_0, 0, 8;
T_2.10 ;
    %ix/load 3, 6, 0;
    %mov 4, 0, 1;
    %load/av 8, v02948E90, 9;
    %load/v 17, v02949048_0, 9;
    %cmp/u 8, 17, 9;
    %jmp/0xz  T_2.12, 4;
    %ix/load 0, 1, 0;
    %assign/v0 v02949200_0, 0, 1;
    %movi 8, 6, 3;
    %ix/load 0, 3, 0;
    %assign/v0 v02948FF0_0, 0, 8;
T_2.12 ;
    %ix/load 3, 7, 0;
    %mov 4, 0, 1;
    %load/av 8, v02948E90, 9;
    %load/v 17, v02949048_0, 9;
    %cmp/u 8, 17, 9;
    %jmp/0xz  T_2.14, 4;
    %ix/load 0, 1, 0;
    %assign/v0 v02949200_0, 0, 1;
    %ix/load 0, 3, 0;
    %assign/v0 v02948FF0_0, 0, 1;
T_2.14 ;
    %load/v 8, v02949200_0, 1;
    %pad 9, 0, 2;
    %cmpi/u 8, 1, 3;
    %jmp/0xz  T_2.16, 4;
    %ix/load 0, 1, 0;
    %assign/v0 v02948F40_0, 0, 1;
    %jmp T_2.17;
T_2.16 ;
    %ix/load 0, 1, 0;
    %assign/v0 v02948F40_0, 0, 0;
    %load/v 72, v02949048_0, 9;
    %pad 81, 0, 2;
    %ix/get 3, 72, 11;
    %load/av 8, v029491A8, 64;
    %load/v 72, v02949410_0, 3;
    %pad 75, 0, 5;
    %ix/get 3, 72, 8;
    %jmp/1 t_0, 4;
    %ix/load 0, 64, 0; word width
    %ix/load 1, 0, 0; part off
    %assign/av v02948CD8, 0, 8;
t_0 ;
    %load/v 8, v02949048_0, 9;
    %load/v 17, v02949410_0, 3;
    %pad 20, 0, 5;
    %ix/get 3, 17, 8;
    %jmp/1 t_1, 4;
    %ix/load 0, 9, 0; word width
    %ix/load 1, 0, 0; part off
    %assign/av v02948E90, 0, 8;
t_1 ;
    %ix/load 0, 1, 0;
    %load/vp0 8, v02949410_0, 3;
    %set/v v02949410_0, 8, 3;
T_2.17 ;
    %jmp T_2;
    .thread T_2, $push;
    .scope S_03152F78;
T_3 ;
    %movi 8, 15, 12;
    %set/v v031CC878_0, 8, 12;
    %delay 4, 0;
    %movi 8, 3, 12;
    %set/v v031CC878_0, 8, 12;
    %delay 8, 0;
    %movi 8, 7, 12;
    %set/v v031CC878_0, 8, 12;
    %end;
    .thread T_3;
    .scope S_03152F78;
T_4 ;
    %vpi_call 2 19 "$monitor", "\012hit/miss: %b\012word: %b\012counter: %b\012", v031CC0E8_0, v031CC8D0_0, v02948F98_0 {0 0};
    %end;
    .thread T_4;
# The file index is used to find the file name in the following table.
:file_names 5;
    "N/A";
    "<interactive>";
    "AM_tb.v";
    "AM.v";
    "Select.v";
